#
# There is insufficient memory for the Java Runtime Environment to continue.
# Native memory allocation (malloc) failed to allocate 576416 bytes for Chunk::new
# Possible reasons:
#   The system is out of physical RAM or swap space
#   The process is running with CompressedOops enabled, and the Java Heap may be blocking the growth of the native heap
# Possible solutions:
#   Reduce memory load on the system
#   Increase physical memory or swap space
#   Check if swap backing store is full
#   Decrease Java heap size (-Xmx/-Xms)
#   Decrease number of Java threads
#   Decrease Java thread stack sizes (-Xss)
#   Set larger code cache with -XX:ReservedCodeCacheSize=
#   JVM is running with Zero Based Compressed Oops mode in which the Java heap is
#     placed in the first 32GB address space. The Java Heap base address is the
#     maximum limit for the native heap growth. Please use -XX:HeapBaseMinAddress
#     to set the Java Heap base and to place the Java Heap above 32GB virtual address.
# This output file may be truncated or incomplete.
#
#  Out of Memory Error (arena.cpp:168), pid=19040, tid=18500
#
# JRE version: OpenJDK Runtime Environment (21.0.1+12) (build 21.0.1+12-29)
# Java VM: OpenJDK 64-Bit Server VM (21.0.1+12-29, mixed mode, sharing, tiered, compressed oops, compressed class ptrs, g1 gc, windows-amd64)
# No core dump will be written. Minidumps are not enabled by default on client versions of Windows
#

---------------  S U M M A R Y ------------

Command Line: -javaagent:E:\Program Files (x86)\IntelliJ IDEA Community Edition 2024.2.3\lib\idea_rt.jar=56948:E:\Program Files (x86)\IntelliJ IDEA Community Edition 2024.2.3\bin -Dfile.encoding=UTF-8 -Dsun.stdout.encoding=UTF-8 -Dsun.stderr.encoding=UTF-8 com.example.coolfashion.CoolfashionApplication

Host: Intel(R) Core(TM) i7-9700K CPU @ 3.60GHz, 8 cores, 15G,  Windows 10 , 64 bit Build 19041 (10.0.19041.5072)
Time: Sun Dec  8 15:59:44 2024 Västeuropa, normaltid elapsed time: 5239.431241 seconds (0d 1h 27m 19s)

---------------  T H R E A D  ---------------

Current thread (0x000001c0d2b25b00):  JavaThread "C2 CompilerThread0" daemon [_thread_in_native, id=18500, stack(0x000000bbb2800000,0x000000bbb2900000) (1024K)]


Current CompileTask:
C2:5239431 6138   !   4       java.util.concurrent.ThreadPoolExecutor::getTask (177 bytes)

Stack: [0x000000bbb2800000,0x000000bbb2900000]
Native frames: (J=compiled Java code, j=interpreted, Vv=VM code, C=native code)
V  [jvm.dll+0x6c9029]
V  [jvm.dll+0x854b81]
V  [jvm.dll+0x856e5e]
V  [jvm.dll+0x857543]
V  [jvm.dll+0x280c06]
V  [jvm.dll+0xc3ead]
V  [jvm.dll+0xc43c3]
V  [jvm.dll+0x3b576c]
V  [jvm.dll+0x1e20b9]
V  [jvm.dll+0x249c22]
V  [jvm.dll+0x2490b1]
V  [jvm.dll+0x1c9ca1]
V  [jvm.dll+0x2586b9]
V  [jvm.dll+0x256c9a]
V  [jvm.dll+0x3ef1b6]
V  [jvm.dll+0x7fd728]
V  [jvm.dll+0x6c777d]
C  [ucrtbase.dll+0x21bb2]
C  [KERNEL32.DLL+0x17374]
C  [ntdll.dll+0x4cc91]


---------------  P R O C E S S  ---------------

Threads class SMR info:
_java_thread_list=0x000001c11d4abe30, length=28, elements={
0x000001c0d2b1be00, 0x000001c0d2b1da70, 0x000001c0d2b1e6d0, 0x000001c0d2b214a0,
0x000001c0d2b21f00, 0x000001c0d2b22960, 0x000001c0d2b25b00, 0x000001c0d2b265a0,
0x000001c1180c8010, 0x000001c118608e20, 0x000001c118468c80, 0x000001c11bb6bf90,
0x000001c11bb6c620, 0x000001c11bb6ccb0, 0x000001c11ab56580, 0x000001c11ab516c0,
0x000001c11ab53100, 0x000001c11ab51030, 0x000001c11ab551d0, 0x000001c11ab51d50,
0x000001c11ab53790, 0x000001c11ab56c10, 0x000001c11ab54b40, 0x000001c11ab57fc0,
0x000001c11ab55860, 0x000001c11ab55ef0, 0x000001c11ab572a0, 0x000001c11ab57930
}

Java Threads: ( => current thread )
  0x000001c0d2b1be00 JavaThread "Reference Handler"          daemon [_thread_blocked, id=4976, stack(0x000000bbb2200000,0x000000bbb2300000) (1024K)]
  0x000001c0d2b1da70 JavaThread "Finalizer"                  daemon [_thread_blocked, id=6524, stack(0x000000bbb2300000,0x000000bbb2400000) (1024K)]
  0x000001c0d2b1e6d0 JavaThread "Signal Dispatcher"          daemon [_thread_blocked, id=10192, stack(0x000000bbb2400000,0x000000bbb2500000) (1024K)]
  0x000001c0d2b214a0 JavaThread "Attach Listener"            daemon [_thread_blocked, id=1796, stack(0x000000bbb2500000,0x000000bbb2600000) (1024K)]
  0x000001c0d2b21f00 JavaThread "Service Thread"             daemon [_thread_blocked, id=19204, stack(0x000000bbb2600000,0x000000bbb2700000) (1024K)]
  0x000001c0d2b22960 JavaThread "Monitor Deflation Thread"   daemon [_thread_blocked, id=18828, stack(0x000000bbb2700000,0x000000bbb2800000) (1024K)]
=>0x000001c0d2b25b00 JavaThread "C2 CompilerThread0"         daemon [_thread_in_native, id=18500, stack(0x000000bbb2800000,0x000000bbb2900000) (1024K)]
  0x000001c0d2b265a0 JavaThread "C1 CompilerThread0"         daemon [_thread_blocked, id=18532, stack(0x000000bbb2900000,0x000000bbb2a00000) (1024K)]
  0x000001c1180c8010 JavaThread "Common-Cleaner"             daemon [_thread_blocked, id=19160, stack(0x000000bbb2a00000,0x000000bbb2b00000) (1024K)]
  0x000001c118608e20 JavaThread "Monitor Ctrl-Break"         daemon [_thread_in_native, id=16436, stack(0x000000bbb2c00000,0x000000bbb2d00000) (1024K)]
  0x000001c118468c80 JavaThread "Notification Thread"        daemon [_thread_blocked, id=15944, stack(0x000000bbb2d00000,0x000000bbb2e00000) (1024K)]
  0x000001c11bb6bf90 JavaThread "Catalina-utility-1"                [_thread_blocked, id=8720, stack(0x000000bbb3700000,0x000000bbb3800000) (1024K)]
  0x000001c11bb6c620 JavaThread "Catalina-utility-2"                [_thread_blocked, id=5880, stack(0x000000bbb3800000,0x000000bbb3900000) (1024K)]
  0x000001c11bb6ccb0 JavaThread "container-0"                       [_thread_blocked, id=8232, stack(0x000000bbb3900000,0x000000bbb3a00000) (1024K)]
  0x000001c11ab56580 JavaThread "HikariPool-1 housekeeper"   daemon [_thread_blocked, id=19076, stack(0x000000bbb3b00000,0x000000bbb3c00000) (1024K)]
  0x000001c11ab516c0 JavaThread "http-nio-8080-exec-1"       daemon [_thread_blocked, id=17632, stack(0x000000bbb3d00000,0x000000bbb3e00000) (1024K)]
  0x000001c11ab53100 JavaThread "http-nio-8080-exec-2"       daemon [_thread_blocked, id=16532, stack(0x000000bbb3e00000,0x000000bbb3f00000) (1024K)]
  0x000001c11ab51030 JavaThread "http-nio-8080-exec-3"       daemon [_thread_blocked, id=14216, stack(0x000000bbb3f00000,0x000000bbb4000000) (1024K)]
  0x000001c11ab551d0 JavaThread "http-nio-8080-exec-4"       daemon [_thread_blocked, id=11400, stack(0x000000bbb4000000,0x000000bbb4100000) (1024K)]
  0x000001c11ab51d50 JavaThread "http-nio-8080-exec-5"       daemon [_thread_blocked, id=13604, stack(0x000000bbb4100000,0x000000bbb4200000) (1024K)]
  0x000001c11ab53790 JavaThread "http-nio-8080-exec-6"       daemon [_thread_blocked, id=16480, stack(0x000000bbb4200000,0x000000bbb4300000) (1024K)]
  0x000001c11ab56c10 JavaThread "http-nio-8080-exec-7"       daemon [_thread_blocked, id=7248, stack(0x000000bbb4300000,0x000000bbb4400000) (1024K)]
  0x000001c11ab54b40 JavaThread "http-nio-8080-exec-8"       daemon [_thread_blocked, id=18656, stack(0x000000bbb4400000,0x000000bbb4500000) (1024K)]
  0x000001c11ab57fc0 JavaThread "http-nio-8080-exec-9"       daemon [_thread_blocked, id=12708, stack(0x000000bbb4500000,0x000000bbb4600000) (1024K)]
  0x000001c11ab55860 JavaThread "http-nio-8080-exec-10"      daemon [_thread_blocked, id=8456, stack(0x000000bbb4600000,0x000000bbb4700000) (1024K)]
  0x000001c11ab55ef0 JavaThread "http-nio-8080-Poller"       daemon [_thread_in_native, id=15776, stack(0x000000bbb4700000,0x000000bbb4800000) (1024K)]
  0x000001c11ab572a0 JavaThread "http-nio-8080-Acceptor"     daemon [_thread_in_native, id=13368, stack(0x000000bbb4800000,0x000000bbb4900000) (1024K)]
  0x000001c11ab57930 JavaThread "DestroyJavaVM"                     [_thread_blocked, id=10840, stack(0x000000bbb1a00000,0x000000bbb1b00000) (1024K)]
Total: 28

Other Threads:
  0x000001c0d2afa580 VMThread "VM Thread"                           [id=13160, stack(0x000000bbb2100000,0x000000bbb2200000) (1024K)]
  0x000001c0d2ae4800 WatcherThread "VM Periodic Task Thread"        [id=18396, stack(0x000000bbb2000000,0x000000bbb2100000) (1024K)]
  0x000001c0b1a2c800 WorkerThread "GC Thread#0"                     [id=5856, stack(0x000000bbb1b00000,0x000000bbb1c00000) (1024K)]
  0x000001c118bf5670 WorkerThread "GC Thread#1"                     [id=10220, stack(0x000000bbb2e00000,0x000000bbb2f00000) (1024K)]
  0x000001c1187c7aa0 WorkerThread "GC Thread#2"                     [id=1912, stack(0x000000bbb2f00000,0x000000bbb3000000) (1024K)]
  0x000001c1187c7e40 WorkerThread "GC Thread#3"                     [id=1132, stack(0x000000bbb3000000,0x000000bbb3100000) (1024K)]
  0x000001c1187c85f0 WorkerThread "GC Thread#4"                     [id=10660, stack(0x000000bbb3100000,0x000000bbb3200000) (1024K)]
  0x000001c1187c8e10 WorkerThread "GC Thread#5"                     [id=11680, stack(0x000000bbb3200000,0x000000bbb3300000) (1024K)]
  0x000001c119742280 WorkerThread "GC Thread#6"                     [id=18400, stack(0x000000bbb3500000,0x000000bbb3600000) (1024K)]
  0x000001c11946c1c0 WorkerThread "GC Thread#7"                     [id=1440, stack(0x000000bbb3600000,0x000000bbb3700000) (1024K)]
  0x000001c0b1a3d6a0 ConcurrentGCThread "G1 Main Marker"            [id=9128, stack(0x000000bbb1c00000,0x000000bbb1d00000) (1024K)]
  0x000001c0b1a3e1a0 WorkerThread "G1 Conc#0"                       [id=17616, stack(0x000000bbb1d00000,0x000000bbb1e00000) (1024K)]
  0x000001c119cef8a0 WorkerThread "G1 Conc#1"                       [id=11008, stack(0x000000bbb3300000,0x000000bbb3400000) (1024K)]
  0x000001c0d29aa530 ConcurrentGCThread "G1 Refine#0"               [id=8896, stack(0x000000bbb1e00000,0x000000bbb1f00000) (1024K)]
  0x000001c0b1a8d550 ConcurrentGCThread "G1 Service"                [id=9388, stack(0x000000bbb1f00000,0x000000bbb2000000) (1024K)]
Total: 15

Threads with active compile tasks:
C2 CompilerThread0  5239442 6138   !   4       java.util.concurrent.ThreadPoolExecutor::getTask (177 bytes)
Total: 1

VM state: not at safepoint (normal execution)

VM Mutex/Monitor currently owned by a thread: None

Heap address: 0x0000000701400000, size: 4076 MB, Compressed Oops mode: Zero based, Oop shift amount: 3

CDS archive(s) mapped at: [0x000001c0d3000000-0x000001c0d3c90000-0x000001c0d3c90000), size 13172736, SharedBaseAddress: 0x000001c0d3000000, ArchiveRelocationMode: 1.
Compressed class space mapped at: 0x000001c0d4000000-0x000001c114000000, reserved size: 1073741824
Narrow klass base: 0x000001c0d3000000, Narrow klass shift: 0, Narrow klass range: 0x100000000

GC Precious Log:
 CardTable entry size: 512
 Card Set container configuration: InlinePtr #cards 4 size 8 Array Of Cards #cards 16 size 48 Howl #buckets 8 coarsen threshold 3686 Howl Bitmap #cards 512 size 80 coarsen threshold 460 Card regions per heap region 1 cards per card region 4096
 CPUs: 8 total, 8 available
 Memory: 16296M
 Large Page Support: Disabled
 NUMA Support: Disabled
 Compressed Oops: Enabled (Zero based)
 Heap Region Size: 2M
 Heap Min Capacity: 8M
 Heap Initial Capacity: 256M
 Heap Max Capacity: 4076M
 Pre-touch: Disabled
 Parallel Workers: 8
 Concurrent Workers: 2
 Concurrent Refinement Workers: 8
 Periodic GC: Disabled

Heap:
 garbage-first heap   total 61440K, used 45403K [0x0000000701400000, 0x0000000800000000)
  region size 2048K, 12 young (24576K), 2 survivors (4096K)
 Metaspace       used 61429K, committed 62080K, reserved 1114112K
  class space    used 8314K, committed 8576K, reserved 1048576K

Heap Regions: E=young(eden), S=young(survivor), O=old, HS=humongous(starts), HC=humongous(continues), CS=collection set, F=free, TAMS=top-at-mark-start, PB=parsable bottom
|   0|0x0000000701400000, 0x0000000701600000, 0x0000000701600000|100%| O|  |TAMS 0x0000000701400000| PB 0x0000000701400000| Untracked 
|   1|0x0000000701600000, 0x0000000701800000, 0x0000000701800000|100%| O|  |TAMS 0x0000000701600000| PB 0x0000000701600000| Untracked 
|   2|0x0000000701800000, 0x0000000701a00000, 0x0000000701a00000|100%| O|  |TAMS 0x0000000701800000| PB 0x0000000701800000| Untracked 
|   3|0x0000000701a00000, 0x0000000701c00000, 0x0000000701c00000|100%| O|  |TAMS 0x0000000701a00000| PB 0x0000000701a00000| Untracked 
|   4|0x0000000701c00000, 0x0000000701e00000, 0x0000000701e00000|100%| O|  |TAMS 0x0000000701c00000| PB 0x0000000701c00000| Untracked 
|   5|0x0000000701e00000, 0x0000000702000000, 0x0000000702000000|100%| O|  |TAMS 0x0000000701e00000| PB 0x0000000701e00000| Untracked 
|   6|0x0000000702000000, 0x0000000702200000, 0x0000000702200000|100%| O|  |TAMS 0x0000000702000000| PB 0x0000000702000000| Untracked 
|   7|0x0000000702200000, 0x0000000702400000, 0x0000000702400000|100%| O|  |TAMS 0x0000000702200000| PB 0x0000000702200000| Untracked 
|   8|0x0000000702400000, 0x0000000702600000, 0x0000000702600000|100%| O|  |TAMS 0x0000000702400000| PB 0x0000000702400000| Untracked 
|   9|0x0000000702600000, 0x0000000702800000, 0x0000000702800000|100%| O|Cm|TAMS 0x0000000702600000| PB 0x0000000702600000| Complete 
|  10|0x0000000702800000, 0x0000000702a00000, 0x0000000702a00000|100%| O|  |TAMS 0x0000000702800000| PB 0x0000000702800000| Untracked 
|  11|0x0000000702a00000, 0x0000000702a56fe0, 0x0000000702c00000| 16%| O|  |TAMS 0x0000000702a00000| PB 0x0000000702a00000| Untracked 
|  12|0x0000000702c00000, 0x0000000702c00000, 0x0000000702e00000|  0%| F|  |TAMS 0x0000000702c00000| PB 0x0000000702c00000| Untracked 
|  13|0x0000000702e00000, 0x0000000702e00000, 0x0000000703000000|  0%| F|  |TAMS 0x0000000702e00000| PB 0x0000000702e00000| Untracked 
|  14|0x0000000703000000, 0x0000000703000000, 0x0000000703200000|  0%| F|  |TAMS 0x0000000703000000| PB 0x0000000703000000| Untracked 
|  15|0x0000000703200000, 0x0000000703400000, 0x0000000703400000|100%| S|CS|TAMS 0x0000000703200000| PB 0x0000000703200000| Complete 
|  16|0x0000000703400000, 0x0000000703600000, 0x0000000703600000|100%| S|CS|TAMS 0x0000000703400000| PB 0x0000000703400000| Complete 
|  17|0x0000000703600000, 0x0000000703600000, 0x0000000703800000|  0%| F|  |TAMS 0x0000000703600000| PB 0x0000000703600000| Untracked 
|  18|0x0000000703800000, 0x0000000703800000, 0x0000000703a00000|  0%| F|  |TAMS 0x0000000703800000| PB 0x0000000703800000| Untracked 
|  19|0x0000000703a00000, 0x0000000703a00000, 0x0000000703c00000|  0%| F|  |TAMS 0x0000000703a00000| PB 0x0000000703a00000| Untracked 
|  20|0x0000000703c00000, 0x0000000703c5ec98, 0x0000000703e00000| 18%| E|  |TAMS 0x0000000703c00000| PB 0x0000000703c00000| Complete 
|  21|0x0000000703e00000, 0x0000000704000000, 0x0000000704000000|100%| E|CS|TAMS 0x0000000703e00000| PB 0x0000000703e00000| Complete 
|  22|0x0000000704000000, 0x0000000704200000, 0x0000000704200000|100%| E|CS|TAMS 0x0000000704000000| PB 0x0000000704000000| Complete 
|  23|0x0000000704200000, 0x0000000704400000, 0x0000000704400000|100%| E|CS|TAMS 0x0000000704200000| PB 0x0000000704200000| Complete 
|  24|0x0000000704400000, 0x0000000704600000, 0x0000000704600000|100%| E|CS|TAMS 0x0000000704400000| PB 0x0000000704400000| Complete 
|  97|0x000000070d600000, 0x000000070d800000, 0x000000070d800000|100%| E|CS|TAMS 0x000000070d600000| PB 0x000000070d600000| Complete 
|  98|0x000000070d800000, 0x000000070da00000, 0x000000070da00000|100%| E|CS|TAMS 0x000000070d800000| PB 0x000000070d800000| Complete 
|  99|0x000000070da00000, 0x000000070dc00000, 0x000000070dc00000|100%| E|CS|TAMS 0x000000070da00000| PB 0x000000070da00000| Complete 
| 100|0x000000070dc00000, 0x000000070de00000, 0x000000070de00000|100%| E|CS|TAMS 0x000000070dc00000| PB 0x000000070dc00000| Complete 
| 127|0x0000000711200000, 0x0000000711400000, 0x0000000711400000|100%| E|CS|TAMS 0x0000000711200000| PB 0x0000000711200000| Complete 

Card table byte_map: [0x000001c0cb8a0000,0x000001c0cc0a0000] _byte_map_base: 0x000001c0c8096000

Marking Bits: (CMBitMap*) 0x000001c0b1a2cf00
 Bits: [0x000001c0cc0a0000, 0x000001c0d0050000)

Polling page: 0x000001c0b1a90000

Metaspace:

Usage:
  Non-class:     51.87 MB used.
      Class:      8.12 MB used.
       Both:     59.99 MB used.

Virtual space:
  Non-class space:       64.00 MB reserved,      52.25 MB ( 82%) committed,  1 nodes.
      Class space:        1.00 GB reserved,       8.38 MB ( <1%) committed,  1 nodes.
             Both:        1.06 GB reserved,      60.62 MB (  6%) committed. 

Chunk freelists:
   Non-Class:  11.78 MB
       Class:  7.52 MB
        Both:  19.30 MB

MaxMetaspaceSize: unlimited
CompressedClassSpaceSize: 1.00 GB
Initial GC threshold: 21.00 MB
Current GC threshold: 98.69 MB
CDS: on
 - commit_granule_bytes: 65536.
 - commit_granule_words: 8192.
 - virtual_space_node_default_size: 8388608.
 - enlarge_chunks_in_place: 1.
 - use_allocation_guard: 0.


Internal statistics:

num_allocs_failed_limit: 9.
num_arena_births: 928.
num_arena_deaths: 0.
num_vsnodes_births: 2.
num_vsnodes_deaths: 0.
num_space_committed: 970.
num_space_uncommitted: 0.
num_chunks_returned_to_freelist: 9.
num_chunks_taken_from_freelist: 3205.
num_chunk_merges: 9.
num_chunk_splits: 2281.
num_chunks_enlarged: 1756.
num_inconsistent_stats: 0.

CodeHeap 'non-profiled nmethods': size=120000Kb used=3748Kb max_used=3748Kb free=116251Kb
 bounds [0x000001c0c3100000, 0x000001c0c34b0000, 0x000001c0ca630000]
CodeHeap 'profiled nmethods': size=120000Kb used=10834Kb max_used=10834Kb free=109166Kb
 bounds [0x000001c0bb630000, 0x000001c0bc0d0000, 0x000001c0c2b60000]
CodeHeap 'non-nmethods': size=5760Kb used=1668Kb max_used=1785Kb free=4091Kb
 bounds [0x000001c0c2b60000, 0x000001c0c2dd0000, 0x000001c0c3100000]
 total_blobs=6183 nmethods=5482 adapters=605
 compilation: enabled
              stopped_count=0, restarted_count=0
 full_count=0

Compilation events (20 events):
Event: 5215.498 Thread 0x000001c0d2b265a0 nmethod 6128 0x000001c0c34a7c10 code [0x000001c0c34a7da0, 0x000001c0c34a7e70]
Event: 5215.544 Thread 0x000001c0d2b265a0 6129       3       java.util.Arrays::fill (21 bytes)
Event: 5215.544 Thread 0x000001c0d2b265a0 nmethod 6129 0x000001c0bc0bf410 code [0x000001c0bc0bf5c0, 0x000001c0bc0bf768]
Event: 5215.544 Thread 0x000001c0d2b265a0 6130       3       java.nio.DirectByteBuffer::address (42 bytes)
Event: 5215.544 Thread 0x000001c0d2b265a0 nmethod 6130 0x000001c0bc0bf890 code [0x000001c0bc0bfaa0, 0x000001c0bc0c01b0]
Event: 5215.575 Thread 0x000001c0d2b265a0 6131   !   3       java.util.jar.JarFile::getBytes (218 bytes)
Event: 5215.575 Thread 0x000001c0d2b25b00 6132       4       jdk.internal.ref.PhantomCleanable::clean (16 bytes)
Event: 5215.575 Thread 0x000001c0d2b265a0 nmethod 6131 0x000001c0bc0c0390 code [0x000001c0bc0c07a0, 0x000001c0bc0c1f28]
Event: 5215.575 Thread 0x000001c0d2b265a0 6133       3       sun.security.provider.ByteArrayAccess::i2bBig4 (10 bytes)
Event: 5215.576 Thread 0x000001c0d2b265a0 nmethod 6133 0x000001c0bc0c2c10 code [0x000001c0bc0c2e20, 0x000001c0bc0c33c0]
Event: 5215.576 Thread 0x000001c0d2b265a0 6134       3       java.util.Properties::getProperty (16 bytes)
Event: 5215.576 Thread 0x000001c0d2b265a0 nmethod 6134 0x000001c0bc0c3690 code [0x000001c0bc0c3840, 0x000001c0bc0c3a68]
Event: 5215.577 Thread 0x000001c0d2b25b00 nmethod 6132 0x000001c0c34a7f10 code [0x000001c0c34a80e0, 0x000001c0c34a8710]
Event: 5215.621 Thread 0x000001c0d2b25b00 6135       4       java.lang.StringCoding::countPositives (33 bytes)
Event: 5215.622 Thread 0x000001c0d2b25b00 nmethod 6135 0x000001c0c34a8910 code [0x000001c0c34a8aa0, 0x000001c0c34a8c98]
Event: 5215.668 Thread 0x000001c0d2b265a0 6136       3       org.mariadb.jdbc.client.socket.impl.PacketWriter::writeString (518 bytes)
Event: 5215.669 Thread 0x000001c0d2b265a0 nmethod 6136 0x000001c0bc0c3b10 code [0x000001c0bc0c3ec0, 0x000001c0bc0c5a18]
Event: 5215.712 Thread 0x000001c0d2b265a0 6137       1       java.net.InetSocketAddress$InetSocketAddressHolder::getPort (5 bytes)
Event: 5215.712 Thread 0x000001c0d2b265a0 nmethod 6137 0x000001c0c34a8d90 code [0x000001c0c34a8f20, 0x000001c0c34a8fe8]
Event: 5239.390 Thread 0x000001c0d2b25b00 6138   !   4       java.util.concurrent.ThreadPoolExecutor::getTask (177 bytes)

GC Heap History (20 events):
Event: 0.379 GC heap before
{Heap before GC invocations=0 (full 0):
 garbage-first heap   total 262144K, used 20480K [0x0000000701400000, 0x0000000800000000)
  region size 2048K, 11 young (22528K), 0 survivors (0K)
 Metaspace       used 5834K, committed 6016K, reserved 1114112K
  class space    used 669K, committed 768K, reserved 1048576K
}
Event: 0.381 GC heap after
{Heap after GC invocations=1 (full 0):
 garbage-first heap   total 262144K, used 7472K [0x0000000701400000, 0x0000000800000000)
  region size 2048K, 2 young (4096K), 2 survivors (4096K)
 Metaspace       used 5834K, committed 6016K, reserved 1114112K
  class space    used 669K, committed 768K, reserved 1048576K
}
Event: 0.616 GC heap before
{Heap before GC invocations=1 (full 0):
 garbage-first heap   total 262144K, used 30000K [0x0000000701400000, 0x0000000800000000)
  region size 2048K, 14 young (28672K), 2 survivors (4096K)
 Metaspace       used 12410K, committed 12736K, reserved 1114112K
  class space    used 1485K, committed 1664K, reserved 1048576K
}
Event: 0.619 GC heap after
{Heap after GC invocations=2 (full 0):
 garbage-first heap   total 262144K, used 9717K [0x0000000701400000, 0x0000000800000000)
  region size 2048K, 2 young (4096K), 2 survivors (4096K)
 Metaspace       used 12410K, committed 12736K, reserved 1114112K
  class space    used 1485K, committed 1664K, reserved 1048576K
}
Event: 1.131 GC heap before
{Heap before GC invocations=2 (full 0):
 garbage-first heap   total 262144K, used 56821K [0x0000000701400000, 0x0000000800000000)
  region size 2048K, 27 young (55296K), 2 survivors (4096K)
 Metaspace       used 21231K, committed 21504K, reserved 1114112K
  class space    used 2584K, committed 2688K, reserved 1048576K
}
Event: 1.134 GC heap after
{Heap after GC invocations=3 (full 0):
 garbage-first heap   total 262144K, used 14273K [0x0000000701400000, 0x0000000800000000)
  region size 2048K, 4 young (8192K), 4 survivors (8192K)
 Metaspace       used 21231K, committed 21504K, reserved 1114112K
  class space    used 2584K, committed 2688K, reserved 1048576K
}
Event: 1.568 GC heap before
{Heap before GC invocations=4 (full 0):
 garbage-first heap   total 61440K, used 42945K [0x0000000701400000, 0x0000000800000000)
  region size 2048K, 18 young (36864K), 4 survivors (8192K)
 Metaspace       used 26453K, committed 26944K, reserved 1114112K
  class space    used 3360K, committed 3584K, reserved 1048576K
}
Event: 1.573 GC heap after
{Heap after GC invocations=5 (full 0):
 garbage-first heap   total 61440K, used 17528K [0x0000000701400000, 0x0000000800000000)
  region size 2048K, 2 young (4096K), 2 survivors (4096K)
 Metaspace       used 26453K, committed 26944K, reserved 1114112K
  class space    used 3360K, committed 3584K, reserved 1048576K
}
Event: 1.902 GC heap before
{Heap before GC invocations=5 (full 0):
 garbage-first heap   total 61440K, used 42104K [0x0000000701400000, 0x0000000800000000)
  region size 2048K, 15 young (30720K), 2 survivors (4096K)
 Metaspace       used 32958K, committed 33472K, reserved 1114112K
  class space    used 4124K, committed 4352K, reserved 1048576K
}
Event: 1.904 GC heap after
{Heap after GC invocations=6 (full 0):
 garbage-first heap   total 61440K, used 19271K [0x0000000701400000, 0x0000000800000000)
  region size 2048K, 1 young (2048K), 1 survivors (2048K)
 Metaspace       used 32958K, committed 33472K, reserved 1114112K
  class space    used 4124K, committed 4352K, reserved 1048576K
}
Event: 2.008 GC heap before
{Heap before GC invocations=6 (full 0):
 garbage-first heap   total 61440K, used 27463K [0x0000000701400000, 0x0000000800000000)
  region size 2048K, 6 young (12288K), 1 survivors (2048K)
 Metaspace       used 35558K, committed 36096K, reserved 1114112K
  class space    used 4532K, committed 4736K, reserved 1048576K
}
Event: 2.009 GC heap after
{Heap after GC invocations=7 (full 0):
 garbage-first heap   total 61440K, used 19720K [0x0000000701400000, 0x0000000800000000)
  region size 2048K, 2 young (4096K), 2 survivors (4096K)
 Metaspace       used 35558K, committed 36096K, reserved 1114112K
  class space    used 4532K, committed 4736K, reserved 1048576K
}
Event: 2.295 GC heap before
{Heap before GC invocations=8 (full 0):
 garbage-first heap   total 61440K, used 44296K [0x0000000701400000, 0x0000000800000000)
  region size 2048K, 15 young (30720K), 2 survivors (4096K)
 Metaspace       used 42114K, committed 42688K, reserved 1114112K
  class space    used 5555K, committed 5824K, reserved 1048576K
}
Event: 2.297 GC heap after
{Heap after GC invocations=9 (full 0):
 garbage-first heap   total 61440K, used 21400K [0x0000000701400000, 0x0000000800000000)
  region size 2048K, 2 young (4096K), 2 survivors (4096K)
 Metaspace       used 42114K, committed 42688K, reserved 1114112K
  class space    used 5555K, committed 5824K, reserved 1048576K
}
Event: 2.615 GC heap before
{Heap before GC invocations=9 (full 0):
 garbage-first heap   total 61440K, used 45976K [0x0000000701400000, 0x0000000800000000)
  region size 2048K, 15 young (30720K), 2 survivors (4096K)
 Metaspace       used 50509K, committed 51072K, reserved 1114112K
  class space    used 6816K, committed 7040K, reserved 1048576K
}
Event: 2.617 GC heap after
{Heap after GC invocations=10 (full 0):
 garbage-first heap   total 61440K, used 22525K [0x0000000701400000, 0x0000000800000000)
  region size 2048K, 2 young (4096K), 2 survivors (4096K)
 Metaspace       used 50509K, committed 51072K, reserved 1114112K
  class space    used 6816K, committed 7040K, reserved 1048576K
}
Event: 2.905 GC heap before
{Heap before GC invocations=10 (full 0):
 garbage-first heap   total 61440K, used 49149K [0x0000000701400000, 0x0000000800000000)
  region size 2048K, 16 young (32768K), 2 survivors (4096K)
 Metaspace       used 56347K, committed 57024K, reserved 1114112K
  class space    used 7611K, committed 7936K, reserved 1048576K
}
Event: 2.908 GC heap after
{Heap after GC invocations=11 (full 0):
 garbage-first heap   total 61440K, used 24620K [0x0000000701400000, 0x0000000800000000)
  region size 2048K, 2 young (4096K), 2 survivors (4096K)
 Metaspace       used 56347K, committed 57024K, reserved 1114112K
  class space    used 7611K, committed 7936K, reserved 1048576K
}
Event: 3.235 GC heap before
{Heap before GC invocations=11 (full 0):
 garbage-first heap   total 61440K, used 49196K [0x0000000701400000, 0x0000000800000000)
  region size 2048K, 15 young (30720K), 2 survivors (4096K)
 Metaspace       used 59795K, committed 60416K, reserved 1114112K
  class space    used 8060K, committed 8320K, reserved 1048576K
}
Event: 3.237 GC heap after
{Heap after GC invocations=12 (full 0):
 garbage-first heap   total 61440K, used 26971K [0x0000000701400000, 0x0000000800000000)
  region size 2048K, 2 young (4096K), 2 survivors (4096K)
 Metaspace       used 59795K, committed 60416K, reserved 1114112K
  class space    used 8060K, committed 8320K, reserved 1048576K
}

Dll operation events (14 events):
Event: 0.004 Loaded shared library C:\Users\olive\.jdks\openjdk-21.0.1\bin\java.dll
Event: 0.026 Loaded shared library C:\Users\olive\.jdks\openjdk-21.0.1\bin\jsvml.dll
Event: 0.085 Loaded shared library C:\Users\olive\.jdks\openjdk-21.0.1\bin\zip.dll
Event: 0.087 Loaded shared library C:\Users\olive\.jdks\openjdk-21.0.1\bin\instrument.dll
Event: 0.090 Loaded shared library C:\Users\olive\.jdks\openjdk-21.0.1\bin\net.dll
Event: 0.092 Loaded shared library C:\Users\olive\.jdks\openjdk-21.0.1\bin\nio.dll
Event: 0.094 Loaded shared library C:\Users\olive\.jdks\openjdk-21.0.1\bin\zip.dll
Event: 0.147 Loaded shared library E:\Program Files (x86)\IntelliJ IDEA Community Edition 2024.2.3\bin\breakgen64.dll
Event: 0.153 Loaded shared library C:\Users\olive\.jdks\openjdk-21.0.1\bin\extnet.dll
Event: 0.166 Loaded shared library C:\Users\olive\.jdks\openjdk-21.0.1\bin\jimage.dll
Event: 0.731 Loaded shared library C:\Users\olive\.jdks\openjdk-21.0.1\bin\sunmscapi.dll
Event: 1.649 Loaded shared library C:\Users\olive\.jdks\openjdk-21.0.1\bin\management.dll
Event: 1.651 Loaded shared library C:\Users\olive\.jdks\openjdk-21.0.1\bin\management_ext.dll
Event: 2.044 Loaded shared library C:\Users\olive\.jdks\openjdk-21.0.1\bin\verify.dll

Deoptimization events (20 events):
Event: 1761.782 Thread 0x000001c11ab53e20 Uncommon trap: trap_request=0xffffff45 fr.pc=0x000001c0c3496f3c relative=0x00000000000000dc
Event: 1761.782 Thread 0x000001c11ab53e20 Uncommon trap: reason=unstable_if action=reinterpret pc=0x000001c0c3496f3c method=java.util.concurrent.locks.AbstractQueuedSynchronizer.tryInitializeHead()Ljava/util/concurrent/locks/AbstractQueuedSynchronizer$Node; @ 8 c2
Event: 1761.782 Thread 0x000001c11ab53e20 DEOPT PACKING pc=0x000001c0c3496f3c sp=0x000000bbb17feef0
Event: 1761.782 Thread 0x000001c11ab53e20 DEOPT UNPACKING pc=0x000001c0c2bb46a2 sp=0x000000bbb17fee00 mode 2
Event: 5215.326 Thread 0x000001c11ab56580 Uncommon trap: trap_request=0xffffff45 fr.pc=0x000001c0c31124b4 relative=0x0000000000000194
Event: 5215.326 Thread 0x000001c11ab56580 Uncommon trap: reason=unstable_if action=reinterpret pc=0x000001c0c31124b4 method=java.lang.StringCoding.countPositives([BII)I @ 17 c2
Event: 5215.326 Thread 0x000001c11ab56580 DEOPT PACKING pc=0x000001c0c31124b4 sp=0x000000bbb3bfeaa0
Event: 5215.326 Thread 0x000001c11ab56580 DEOPT UNPACKING pc=0x000001c0c2bb46a2 sp=0x000000bbb3bfea28 mode 2
Event: 5215.373 Thread 0x000001c11ab544b0 DEOPT PACKING pc=0x000001c0bc0b2fe7 sp=0x000000bbb18fdf70
Event: 5215.373 Thread 0x000001c11ab544b0 DEOPT UNPACKING pc=0x000001c0c2bb4e42 sp=0x000000bbb18fd3e0 mode 0
Event: 5215.419 Thread 0x000001c11ab544b0 DEOPT PACKING pc=0x000001c0bc0b2fe7 sp=0x000000bbb18fe020
Event: 5215.419 Thread 0x000001c11ab544b0 DEOPT UNPACKING pc=0x000001c0c2bb4e42 sp=0x000000bbb18fd490 mode 0
Event: 5215.451 Thread 0x000001c11ab544b0 DEOPT PACKING pc=0x000001c0bc0b2fe7 sp=0x000000bbb18fe040
Event: 5215.451 Thread 0x000001c11ab544b0 DEOPT UNPACKING pc=0x000001c0c2bb4e42 sp=0x000000bbb18fd4b0 mode 0
Event: 5215.543 Thread 0x000001c11ab544b0 DEOPT PACKING pc=0x000001c0bc0b2fe7 sp=0x000000bbb18fdf70
Event: 5215.543 Thread 0x000001c11ab544b0 DEOPT UNPACKING pc=0x000001c0c2bb4e42 sp=0x000000bbb18fd3e0 mode 0
Event: 5215.575 Thread 0x000001c11ab544b0 DEOPT PACKING pc=0x000001c0bc0b2fe7 sp=0x000000bbb18fdf70
Event: 5215.575 Thread 0x000001c11ab544b0 DEOPT UNPACKING pc=0x000001c0c2bb4e42 sp=0x000000bbb18fd3e0 mode 0
Event: 5215.621 Thread 0x000001c11ab544b0 DEOPT PACKING pc=0x000001c0bc0b2fe7 sp=0x000000bbb18fdf70
Event: 5215.621 Thread 0x000001c11ab544b0 DEOPT UNPACKING pc=0x000001c0c2bb4e42 sp=0x000000bbb18fd3e0 mode 0

Classes loaded (20 events):
Event: 3.387 Loading class java/nio/BufferMismatch
Event: 3.387 Loading class java/nio/BufferMismatch done
Event: 3.387 Loading class sun/nio/ch/SourceChannelImpl
Event: 3.387 Loading class java/nio/channels/Pipe$SourceChannel
Event: 3.387 Loading class java/nio/channels/Pipe$SourceChannel done
Event: 3.387 Loading class sun/nio/ch/SourceChannelImpl done
Event: 3.387 Loading class sun/nio/ch/SinkChannelImpl
Event: 3.387 Loading class java/nio/channels/Pipe$SinkChannel
Event: 3.387 Loading class java/nio/channels/Pipe$SinkChannel done
Event: 3.387 Loading class sun/nio/ch/SinkChannelImpl done
Event: 3.388 Loading class java/nio/channels/spi/AbstractSelector$1
Event: 3.388 Loading class java/nio/channels/spi/AbstractSelector$1 done
Event: 3.389 Loading class java/util/TreeMap$ValueSpliterator
Event: 3.389 Loading class java/util/TreeMap$TreeMapSpliterator
Event: 3.389 Loading class java/util/TreeMap$TreeMapSpliterator done
Event: 3.389 Loading class java/util/TreeMap$ValueSpliterator done
Event: 3.399 Loading class java/util/IdentityHashMap$KeySpliterator
Event: 3.400 Loading class java/util/IdentityHashMap$IdentityHashMapSpliterator
Event: 3.400 Loading class java/util/IdentityHashMap$IdentityHashMapSpliterator done
Event: 3.400 Loading class java/util/IdentityHashMap$KeySpliterator done

Classes unloaded (0 events):
No events

Classes redefined (0 events):
No events

Internal exceptions (20 events):
Event: 2.741 Thread 0x000001c0b19c6320 Exception <a 'java/lang/NoSuchMethodError'{0x000000070427ef20}: 'java.lang.Object java.lang.invoke.DirectMethodHandle$Holder.invokeSpecial(java.lang.Object, java.lang.Object, java.lang.Object, java.lang.Object, java.lang.Object, java.lang.Object, java.lang.Object, java.lang.Object, int)'> (0x000000070427ef20) 
thrown [s\open\src\hotspot\share\interpreter\linkResolver.cpp, line 773]
Event: 2.741 Thread 0x000001c0b19c6320 Exception <a 'java/lang/NoSuchMethodError'{0x0000000704282f38}: 'java.lang.Object java.lang.invoke.Invokers$Holder.linkToTargetMethod(java.lang.Object, java.lang.Object, java.lang.Object, java.lang.Object, java.lang.Object, java.lang.Object, int, java.lang.Object)'> (0x0000000704282f38) 
thrown [s\open\src\hotspot\share\interpreter\linkResolver.cpp, line 773]
Event: 2.744 Thread 0x000001c0b19c6320 Implicit null exception at 0x000001c0c33f6744 to 0x000001c0c33f68b8
Event: 2.750 Thread 0x000001c0b19c6320 Exception <a 'java/lang/NoSuchMethodError'{0x0000000704344950}: 'void java.lang.invoke.DirectMethodHandle$Holder.invokeInterface(java.lang.Object, java.lang.Object)'> (0x0000000704344950) 
thrown [s\open\src\hotspot\share\interpreter\linkResolver.cpp, line 773]
Event: 2.780 Thread 0x000001c0b19c6320 Implicit null exception at 0x000001c0c313de97 to 0x000001c0c313e118
Event: 2.786 Thread 0x000001c0b19c6320 Implicit null exception at 0x000001c0c33d9202 to 0x000001c0c33d954c
Event: 2.802 Thread 0x000001c0b19c6320 Implicit null exception at 0x000001c0c33b5120 to 0x000001c0c33b6d4c
Event: 2.805 Thread 0x000001c0b19c6320 Exception <a 'java/lang/IncompatibleClassChangeError'{0x0000000703d9f8f0}: Found class java.lang.Object, but interface was expected> (0x0000000703d9f8f0) 
thrown [s\open\src\hotspot\share\interpreter\linkResolver.cpp, line 840]
Event: 2.823 Thread 0x000001c0b19c6320 Exception <a 'java/lang/IncompatibleClassChangeError'{0x0000000703b202a8}: Found class java.lang.Object, but interface was expected> (0x0000000703b202a8) 
thrown [s\open\src\hotspot\share\interpreter\linkResolver.cpp, line 840]
Event: 2.890 Thread 0x000001c0b19c6320 Exception <a 'java/lang/IncompatibleClassChangeError'{0x00000007030bbb60}: Found class java.lang.Object, but interface was expected> (0x00000007030bbb60) 
thrown [s\open\src\hotspot\share\interpreter\linkResolver.cpp, line 840]
Event: 2.932 Thread 0x000001c0b19c6320 Exception <a 'java/lang/IncompatibleClassChangeError'{0x000000071137a610}: Found class java.lang.Object, but interface was expected> (0x000000071137a610) 
thrown [s\open\src\hotspot\share\interpreter\linkResolver.cpp, line 840]
Event: 2.932 Thread 0x000001c0b19c6320 Exception <a 'java/lang/IncompatibleClassChangeError'{0x000000071137fef0}: Found class java.lang.Object, but interface was expected> (0x000000071137fef0) 
thrown [s\open\src\hotspot\share\interpreter\linkResolver.cpp, line 840]
Event: 2.974 Thread 0x000001c0b19c6320 Exception <a 'java/lang/NoSuchMethodError'{0x000000070da1bb88}: 'int java.lang.invoke.DirectMethodHandle$Holder.invokeStaticInit(java.lang.Object, int, java.lang.Object, java.lang.Object, java.lang.Object, java.lang.Object)'> (0x000000070da1bb88) 
thrown [s\open\src\hotspot\share\interpreter\linkResolver.cpp, line 773]
Event: 3.089 Thread 0x000001c0b19c6320 Exception <a 'java/lang/NoSuchMethodError'{0x0000000704085410}: 'java.lang.Object java.lang.invoke.DirectMethodHandle$Holder.newInvokeSpecial(java.lang.Object, java.lang.Object, java.lang.Object, java.lang.Object, java.lang.Object, java.lang.Object, java.lang.Object, java.lang.Object)'> (0x0000000704085410) 
thrown [s\open\src\hotspot\share\interpreter\linkResolver.cpp, line 773]
Event: 3.226 Thread 0x000001c0b19c6320 Exception <a 'java/lang/IncompatibleClassChangeError'{0x00000007039d80e8}: Found class java.lang.Object, but interface was expected> (0x00000007039d80e8) 
thrown [s\open\src\hotspot\share\interpreter\linkResolver.cpp, line 840]
Event: 3.257 Thread 0x000001c0b19c6320 Exception <a 'java/lang/NoSuchMethodError'{0x00000007112ef390}: 'void java.lang.invoke.DirectMethodHandle$Holder.invokeVirtual(java.lang.Object, java.lang.Object, long)'> (0x00000007112ef390) 
thrown [s\open\src\hotspot\share\interpreter\linkResolver.cpp, line 773]
Event: 3.284 Thread 0x000001c0b19c6320 Exception <a 'java/lang/NoSuchMethodError'{0x000000070dd3e420}: 'int java.lang.invoke.DirectMethodHandle$Holder.invokeStaticInit(java.lang.Object, java.lang.Object, java.lang.Object, java.lang.Object)'> (0x000000070dd3e420) 
thrown [s\open\src\hotspot\share\interpreter\linkResolver.cpp, line 773]
Event: 3.328 Thread 0x000001c0b19c6320 Exception <a 'java/lang/IncompatibleClassChangeError'{0x000000070d8a5118}: Found class java.lang.Object, but interface was expected> (0x000000070d8a5118) 
thrown [s\open\src\hotspot\share\interpreter\linkResolver.cpp, line 840]
Event: 3.345 Thread 0x000001c0b19c6320 Exception <a 'java/lang/NoSuchMethodError'{0x000000070d9f7a10}: 'java.lang.Object java.lang.invoke.Invokers$Holder.invoke_MT(java.lang.Object, java.lang.Object, java.lang.Object, java.lang.Object, java.lang.Object, java.lang.Object, java.lang.Object, java.lang.Object, java.lang.Object, java.lang.Object, java.lang.Object)'> (0x000000070d9f7a10) 
thrown [s\open\src\hotspot\share\interpreter\linkResolver.cpp, line 773]
Event: 3.376 Thread 0x000001c0b19c6320 Exception <a 'java/lang/NoSuchMethodError'{0x00000007044957f0}: 'java.lang.Object java.lang.invoke.DirectMethodHandle$Holder.newInvokeSpecial(java.lang.Object, java.lang.Object, int, java.lang.Object, java.lang.Object)'> (0x00000007044957f0) 
thrown [s\open\src\hotspot\share\interpreter\linkResolver.cpp, line 773]

ZGC Phase Switch (0 events):
No events

VM Operations (20 events):
Event: 1219.428 Executing VM operation: Cleanup
Event: 1219.428 Executing VM operation: Cleanup done
Event: 1334.083 Executing VM operation: Cleanup
Event: 1334.083 Executing VM operation: Cleanup done
Event: 1721.271 Executing VM operation: Cleanup
Event: 1721.271 Executing VM operation: Cleanup done
Event: 1724.288 Executing VM operation: Cleanup
Event: 1724.288 Executing VM operation: Cleanup done
Event: 1762.508 Executing VM operation: Cleanup
Event: 1762.508 Executing VM operation: Cleanup done
Event: 1800.718 Executing VM operation: Cleanup
Event: 1800.718 Executing VM operation: Cleanup done
Event: 2490.461 Executing VM operation: Cleanup
Event: 2490.461 Executing VM operation: Cleanup done
Event: 5204.403 Executing VM operation: Cleanup
Event: 5204.403 Executing VM operation: Cleanup done
Event: 5215.481 Executing VM operation: Cleanup
Event: 5215.481 Executing VM operation: Cleanup done
Event: 5216.488 Executing VM operation: Cleanup
Event: 5216.488 Executing VM operation: Cleanup done

Events (20 events):
Event: 1773.026 Thread 0x000001c11ab58650 Thread added: 0x000001c11ab58650
Event: 1773.027 Thread 0x000001c11ab52a70 Thread added: 0x000001c11ab52a70
Event: 1778.039 Thread 0x000001c11ab58650 Thread exited: 0x000001c11ab58650
Event: 1778.086 Thread 0x000001c11ab52a70 Thread exited: 0x000001c11ab52a70
Event: 1779.076 Thread 0x000001c11ab58650 Thread added: 0x000001c11ab58650
Event: 1779.077 Thread 0x000001c11ab523e0 Thread added: 0x000001c11ab523e0
Event: 1784.319 Thread 0x000001c11ab58650 Thread exited: 0x000001c11ab58650
Event: 1784.366 Thread 0x000001c11ab523e0 Thread exited: 0x000001c11ab523e0
Event: 1785.927 Thread 0x000001c11ab58650 Thread added: 0x000001c11ab58650
Event: 1785.928 Thread 0x000001c11ab523e0 Thread added: 0x000001c11ab523e0
Event: 1795.798 Thread 0x000001c11ab58650 Thread exited: 0x000001c11ab58650
Event: 1795.844 Thread 0x000001c11ab523e0 Thread exited: 0x000001c11ab523e0
Event: 1796.527 Thread 0x000001c11ab58650 Thread added: 0x000001c11ab58650
Event: 1796.527 Thread 0x000001c11ab52a70 Thread added: 0x000001c11ab52a70
Event: 1805.655 Thread 0x000001c11ab58650 Thread exited: 0x000001c11ab58650
Event: 1805.702 Thread 0x000001c11ab52a70 Thread exited: 0x000001c11ab52a70
Event: 5215.326 Thread 0x000001c11ab53e20 Thread added: 0x000001c11ab53e20
Event: 5215.327 Thread 0x000001c11ab544b0 Thread added: 0x000001c11ab544b0
Event: 5220.340 Thread 0x000001c11ab53e20 Thread exited: 0x000001c11ab53e20
Event: 5220.768 Thread 0x000001c11ab544b0 Thread exited: 0x000001c11ab544b0


Dynamic libraries:
0x00007ff7b6bf0000 - 0x00007ff7b6bfe000 	C:\Users\olive\.jdks\openjdk-21.0.1\bin\java.exe
0x00007ffa12130000 - 0x00007ffa12328000 	C:\Windows\SYSTEM32\ntdll.dll
0x00007ffa10ab0000 - 0x00007ffa10b72000 	C:\Windows\System32\KERNEL32.DLL
0x00007ffa0fbf0000 - 0x00007ffa0feee000 	C:\Windows\System32\KERNELBASE.dll
0x00007ffa10050000 - 0x00007ffa10150000 	C:\Windows\System32\ucrtbase.dll
0x00007ff9f5e50000 - 0x00007ff9f5e6b000 	C:\Users\olive\.jdks\openjdk-21.0.1\bin\VCRUNTIME140.dll
0x00007ff9f99e0000 - 0x00007ff9f99f8000 	C:\Users\olive\.jdks\openjdk-21.0.1\bin\jli.dll
0x00007ffa11760000 - 0x00007ffa118fd000 	C:\Windows\System32\USER32.dll
0x00007ffa0f860000 - 0x00007ffa0f882000 	C:\Windows\System32\win32u.dll
0x00007ff9fd570000 - 0x00007ff9fd80a000 	C:\Windows\WinSxS\amd64_microsoft.windows.common-controls_6595b64144ccf1df_6.0.19041.4355_none_60b8b9eb71f62e16\COMCTL32.dll
0x00007ffa10fa0000 - 0x00007ffa10fcb000 	C:\Windows\System32\GDI32.dll
0x00007ffa11ee0000 - 0x00007ffa11f7e000 	C:\Windows\System32\msvcrt.dll
0x00007ffa0fad0000 - 0x00007ffa0fbe7000 	C:\Windows\System32\gdi32full.dll
0x00007ffa0ff60000 - 0x00007ffa0fffd000 	C:\Windows\System32\msvcp_win.dll
0x00007ffa10a10000 - 0x00007ffa10a3f000 	C:\Windows\System32\IMM32.DLL
0x00007ff9ffa50000 - 0x00007ff9ffa5c000 	C:\Users\olive\.jdks\openjdk-21.0.1\bin\vcruntime140_1.dll
0x00007ff9eb1c0000 - 0x00007ff9eb24e000 	C:\Users\olive\.jdks\openjdk-21.0.1\bin\msvcp140.dll
0x00007ff9b4600000 - 0x00007ff9b5315000 	C:\Users\olive\.jdks\openjdk-21.0.1\bin\server\jvm.dll
0x00007ffa10950000 - 0x00007ffa10a01000 	C:\Windows\System32\ADVAPI32.dll
0x00007ffa12050000 - 0x00007ffa120ef000 	C:\Windows\System32\sechost.dll
0x00007ffa10b80000 - 0x00007ffa10ca3000 	C:\Windows\System32\RPCRT4.dll
0x00007ffa0f890000 - 0x00007ffa0f8b7000 	C:\Windows\System32\bcrypt.dll
0x00007ffa10a40000 - 0x00007ffa10aab000 	C:\Windows\System32\WS2_32.dll
0x00007ffa0ed60000 - 0x00007ffa0edab000 	C:\Windows\SYSTEM32\POWRPROF.dll
0x00007ffa06580000 - 0x00007ffa065a7000 	C:\Windows\SYSTEM32\WINMM.dll
0x00007ffa083c0000 - 0x00007ffa083ca000 	C:\Windows\SYSTEM32\VERSION.dll
0x00007ffa0ebd0000 - 0x00007ffa0ebe2000 	C:\Windows\SYSTEM32\UMPDC.dll
0x00007ffa0e010000 - 0x00007ffa0e022000 	C:\Windows\SYSTEM32\kernel.appcore.dll
0x00007ff9ff9f0000 - 0x00007ff9ff9fa000 	C:\Users\olive\.jdks\openjdk-21.0.1\bin\jimage.dll
0x00007ffa0d4d0000 - 0x00007ffa0d6b4000 	C:\Windows\SYSTEM32\DBGHELP.DLL
0x00007ffa05150000 - 0x00007ffa05184000 	C:\Windows\SYSTEM32\dbgcore.DLL
0x00007ffa0f7d0000 - 0x00007ffa0f852000 	C:\Windows\System32\bcryptPrimitives.dll
0x00007ff9f9740000 - 0x00007ff9f974f000 	C:\Users\olive\.jdks\openjdk-21.0.1\bin\instrument.dll
0x00007ff9f5cd0000 - 0x00007ff9f5cef000 	C:\Users\olive\.jdks\openjdk-21.0.1\bin\java.dll
0x00007ffa10fe0000 - 0x00007ffa1174d000 	C:\Windows\System32\SHELL32.dll
0x00007ffa0d850000 - 0x00007ffa0dff4000 	C:\Windows\SYSTEM32\windows.storage.dll
0x00007ffa11b80000 - 0x00007ffa11ed3000 	C:\Windows\System32\combase.dll
0x00007ffa0f200000 - 0x00007ffa0f22e000 	C:\Windows\SYSTEM32\Wldp.dll
0x00007ffa11900000 - 0x00007ffa119cd000 	C:\Windows\System32\OLEAUT32.dll
0x00007ffa11a30000 - 0x00007ffa11add000 	C:\Windows\System32\SHCORE.dll
0x00007ffa106f0000 - 0x00007ffa10745000 	C:\Windows\System32\shlwapi.dll
0x00007ffa0f700000 - 0x00007ffa0f724000 	C:\Windows\SYSTEM32\profapi.dll
0x00007ff9eb0e0000 - 0x00007ff9eb1b7000 	C:\Users\olive\.jdks\openjdk-21.0.1\bin\jsvml.dll
0x00007ff9f5980000 - 0x00007ff9f5998000 	C:\Users\olive\.jdks\openjdk-21.0.1\bin\zip.dll
0x00007ff9f99d0000 - 0x00007ff9f99e0000 	C:\Users\olive\.jdks\openjdk-21.0.1\bin\net.dll
0x00007ffa08a40000 - 0x00007ffa08b4d000 	C:\Windows\SYSTEM32\WINHTTP.dll
0x00007ffa0ef60000 - 0x00007ffa0efca000 	C:\Windows\system32\mswsock.dll
0x00007ff9f59a0000 - 0x00007ff9f59b6000 	C:\Users\olive\.jdks\openjdk-21.0.1\bin\nio.dll
0x00007ff9f55a0000 - 0x00007ff9f55ba000 	E:\Program Files (x86)\IntelliJ IDEA Community Edition 2024.2.3\bin\breakgen64.dll
0x00007ff9f5e40000 - 0x00007ff9f5e47000 	C:\Users\olive\.jdks\openjdk-21.0.1\bin\extnet.dll
0x00007ff9f1c50000 - 0x00007ff9f1c5e000 	C:\Users\olive\.jdks\openjdk-21.0.1\bin\sunmscapi.dll
0x00007ffa0f970000 - 0x00007ffa0facc000 	C:\Windows\System32\CRYPT32.dll
0x00007ffa0f270000 - 0x00007ffa0f297000 	C:\Windows\SYSTEM32\ncrypt.dll
0x00007ffa0f230000 - 0x00007ffa0f26b000 	C:\Windows\SYSTEM32\NTASN1.dll
0x00007ffa0f160000 - 0x00007ffa0f178000 	C:\Windows\SYSTEM32\CRYPTSP.dll
0x00007ffa0e810000 - 0x00007ffa0e844000 	C:\Windows\system32\rsaenh.dll
0x00007ffa0f680000 - 0x00007ffa0f6ae000 	C:\Windows\SYSTEM32\USERENV.dll
0x00007ffa0f150000 - 0x00007ffa0f15c000 	C:\Windows\SYSTEM32\CRYPTBASE.dll
0x00007ffa0ebf0000 - 0x00007ffa0ec2b000 	C:\Windows\SYSTEM32\IPHLPAPI.DLL
0x00007ffa10fd0000 - 0x00007ffa10fd8000 	C:\Windows\System32\NSI.dll
0x00007ff9f5cc0000 - 0x00007ff9f5cca000 	C:\Users\olive\.jdks\openjdk-21.0.1\bin\management.dll
0x00007ff9f5b60000 - 0x00007ff9f5b6b000 	C:\Users\olive\.jdks\openjdk-21.0.1\bin\management_ext.dll
0x00007ffa11750000 - 0x00007ffa11758000 	C:\Windows\System32\PSAPI.DLL
0x00007ffa0ec40000 - 0x00007ffa0ed0a000 	C:\Windows\SYSTEM32\DNSAPI.dll
0x00007ffa061e0000 - 0x00007ffa061ea000 	C:\Windows\System32\rasadhlp.dll
0x00007ffa06000000 - 0x00007ffa06080000 	C:\Windows\System32\fwpuclnt.dll
0x00007ff9f1c40000 - 0x00007ff9f1c50000 	C:\Users\olive\.jdks\openjdk-21.0.1\bin\verify.dll
0x00007ffa06370000 - 0x00007ffa06377000 	C:\Windows\system32\wshunix.dll

dbghelp: loaded successfully - version: 4.0.5 - missing functions: none
symbol engine: initialized successfully - sym options: 0x614 - pdb path: .;C:\Users\olive\.jdks\openjdk-21.0.1\bin;C:\Windows\SYSTEM32;C:\Windows\WinSxS\amd64_microsoft.windows.common-controls_6595b64144ccf1df_6.0.19041.4355_none_60b8b9eb71f62e16;C:\Users\olive\.jdks\openjdk-21.0.1\bin\server;E:\Program Files (x86)\IntelliJ IDEA Community Edition 2024.2.3\bin

VM Arguments:
jvm_args: -javaagent:E:\Program Files (x86)\IntelliJ IDEA Community Edition 2024.2.3\lib\idea_rt.jar=56948:E:\Program Files (x86)\IntelliJ IDEA Community Edition 2024.2.3\bin -Dfile.encoding=UTF-8 -Dsun.stdout.encoding=UTF-8 -Dsun.stderr.encoding=UTF-8 
java_command: com.example.coolfashion.CoolfashionApplication
java_class_path (initial): D:\Skola\AgilWebsite\CoolFashionAPI\target\classes;C:\Users\olive\.m2\repository\org\springframework\boot\spring-boot-starter-data-jpa\3.4.0\spring-boot-starter-data-jpa-3.4.0.jar;C:\Users\olive\.m2\repository\org\springframework\boot\spring-boot-starter\3.4.0\spring-boot-starter-3.4.0.jar;C:\Users\olive\.m2\repository\org\springframework\boot\spring-boot\3.4.0\spring-boot-3.4.0.jar;C:\Users\olive\.m2\repository\org\springframework\boot\spring-boot-autoconfigure\3.4.0\spring-boot-autoconfigure-3.4.0.jar;C:\Users\olive\.m2\repository\org\springframework\boot\spring-boot-starter-logging\3.4.0\spring-boot-starter-logging-3.4.0.jar;C:\Users\olive\.m2\repository\ch\qos\logback\logback-classic\1.5.12\logback-classic-1.5.12.jar;C:\Users\olive\.m2\repository\ch\qos\logback\logback-core\1.5.12\logback-core-1.5.12.jar;C:\Users\olive\.m2\repository\org\apache\logging\log4j\log4j-to-slf4j\2.24.1\log4j-to-slf4j-2.24.1.jar;C:\Users\olive\.m2\repository\org\apache\logging\log4j\log4j-api\2.24.1\log4j-api-2.24.1.jar;C:\Users\olive\.m2\repository\org\slf4j\jul-to-slf4j\2.0.16\jul-to-slf4j-2.0.16.jar;C:\Users\olive\.m2\repository\jakarta\annotation\jakarta.annotation-api\2.1.1\jakarta.annotation-api-2.1.1.jar;C:\Users\olive\.m2\repository\org\yaml\snakeyaml\2.3\snakeyaml-2.3.jar;C:\Users\olive\.m2\repository\org\springframework\boot\spring-boot-starter-jdbc\3.4.0\spring-boot-starter-jdbc-3.4.0.jar;C:\Users\olive\.m2\repository\com\zaxxer\HikariCP\5.1.0\HikariCP-5.1.0.jar;C:\Users\olive\.m2\repository\org\springframework\spring-jdbc\6.2.0\spring-jdbc-6.2.0.jar;C:\Users\olive\.m2\repository\org\hibernate\orm\hibernate-core\6.6.2.Final\hibernate-core-6.6.2.Final.jar;C:\Users\olive\.m2\repository\jakarta\persistence\jakarta.persistence-api\3.1.0\jakarta.persistence-api-3.1.0.jar;C:\Users\olive\.m2\repository\jakarta\transaction\jakarta.transaction-api\2.0.1\jakarta.transaction-api-2.0.1.jar;C:\Users\olive\.m2\repository\org\jboss\logging\jboss-logging\3.6.1.Final\jboss-logging-3.6.1.Final.jar;C:\Users\olive\.m2\repository\org\hibernate\common\hibernate-commons-annotations\7.0.3.Final\hibernate-commons-annotations-7.0.3.Final.jar;C:\Users\olive\.m2\repository\io\smallrye\jandex\3.2.0\jandex-3.2.0.jar;C:\Users\olive\.m2\repository\com\fasterxml\classmate\1.7.0\classmate-1.7.0.jar;C:\Users\olive\.m2\repository\net\bytebuddy\byte-buddy\1.15.10\byte-buddy-1.15.10.jar;C:\Users\olive\.m2\repository\org\glassfish\jaxb\jaxb-runtime\4.0.5\jaxb-runtime-4.0.5.jar;C:\Users\olive\.m2\repository\org\glassfish\jaxb\jaxb-core\4.0.5\jaxb-core-4.0.5.jar;C:\Users\olive\.m2\repository\org\eclipse\angus\angus-activation\2.0.2\angus-activation-2.0.2.jar;C:\Users\olive\.m2\repository\org\glassfish\jaxb\txw2\4.0.5\txw2-4.0.5.jar;C:\Users\olive\.m2\repository\com\sun\istack\istack-commons-runtime\4.1.2\istack-commons-runtime-4.1.2.jar;C:\Users\olive\.m2\repository\jakarta\inject\jakarta.inject-api\2.0.1\jakarta.inject-api-2.0.1.jar;C:\Users\olive\.m2\repository\org\antlr\antlr4-runtime\4.13.0\antlr4-runtime-4.13.0.jar;C:\Users\olive\.m2\repository\org\springframework\data\spring-data-jpa\3.4.0\spring-data-jpa-3.4.0.jar;C:\Users\olive\.m2\repository\org\springframework\data\spring-data-commons\3.4.0\spring-data-commons-3.4.0.jar;C:\Users\olive\.m2\repository\org\springframework\spring-orm\6.2.0\spring-orm-6.2.0.jar;C:\Users\olive\.m2\repository\org\springframework\spring-context\6.2.0\spring-context-6.2.0.jar;C:\Users\olive\.m2\repository\org\springframework\spring-aop\6.2.0\spring-aop-6.2.0.jar;C:\Users\olive\.m2\repository\org\springframework\spring-tx\6.2.0\spring-tx-6.2.0.jar;C:\Users\olive\.m2\repository\org\springframework\spring-beans\6.2.0\spring-beans-6.2.0.jar;C:\Users\olive\.m2\repository\org\slf4j\slf4j-api\2.0.16\slf4j-api-2.0.16.jar;C:\Users\olive\.m2\repository\org\springframework\spring-aspects\6.2.0\spring-aspects-6.2.0.jar;C:\Users\olive\.m2\repository\org\aspectj\aspectjweaver\1.9.22.1\aspectjweaver-1.9.22.1.jar;C:\Users\olive\.m2\repository\org\springframework\boot\spring-boot-starter-web\3.4.0\spring-boot-starter-web-3.4.0.jar;C:\Users\olive\.m2\repository\org\springframework\boot\spring-boot-starter-json\3.4.0\spring-boot-starter-json-3.4.0.jar;C:\Users\olive\.m2\repository\com\fasterxml\jackson\core\jackson-databind\2.18.1\jackson-databind-2.18.1.jar;C:\Users\olive\.m2\repository\com\fasterxml\jackson\core\jackson-annotations\2.18.1\jackson-annotations-2.18.1.jar;C:\Users\olive\.m2\repository\com\fasterxml\jackson\core\jackson-core\2.18.1\jackson-core-2.18.1.jar;C:\Users\olive\.m2\repository\com\fasterxml\jackson\datatype\jackson-datatype-jdk8\2.18.1\jackson-datatype-jdk8-2.18.1.jar;C:\Users\olive\.m2\repository\com\fasterxml\jackson\datatype\jackson-datatype-jsr310\2.18.1\jackson-datatype-jsr310-2.18.1.jar;C:\Users\olive\.m2\repository\com\fasterxml\jackson\module\jackson-module-parameter-names\2.18.1\jackson-module-parameter-names-2.18.1.jar;C:\Users\olive\.m2\repository\org\springframework\boot\spring-boot-starter-tomcat\3.4.0\spring-boot-starter-tomcat-3.4.0.jar;C:\Users\olive\.m2\repository\org\apache\tomcat\embed\tomcat-embed-core\10.1.33\tomcat-embed-core-10.1.33.jar;C:\Users\olive\.m2\repository\org\apache\tomcat\embed\tomcat-embed-el\10.1.33\tomcat-embed-el-10.1.33.jar;C:\Users\olive\.m2\repository\org\apache\tomcat\embed\tomcat-embed-websocket\10.1.33\tomcat-embed-websocket-10.1.33.jar;C:\Users\olive\.m2\repository\org\springframework\spring-web\6.2.0\spring-web-6.2.0.jar;C:\Users\olive\.m2\repository\io\micrometer\micrometer-observation\1.14.1\micrometer-observation-1.14.1.jar;C:\Users\olive\.m2\repository\io\micrometer\micrometer-commons\1.14.1\micrometer-commons-1.14.1.jar;C:\Users\olive\.m2\repository\org\springframework\spring-webmvc\6.2.0\spring-webmvc-6.2.0.jar;C:\Users\olive\.m2\repository\org\springframework\spring-expression\6.2.0\spring-expression-6.2.0.jar;C:\Users\olive\.m2\repository\org\mariadb\jdbc\mariadb-java-client\3.4.1\mariadb-java-client-3.4.1.jar;C:\Users\olive\.m2\repository\com\github\waffle\waffle-jna\3.3.0\waffle-jna-3.3.0.jar;C:\Users\olive\.m2\repository\net\java\dev\jna\jna\5.13.0\jna-5.13.0.jar;C:\Users\olive\.m2\repository\net\java\dev\jna\jna-platform\5.13.0\jna-platform-5.13.0.jar;C:\Users\olive\.m2\repository\org\slf4j\jcl-over-slf4j\2.0.16\jcl-over-slf4j-2.0.16.jar;C:\Users\olive\.m2\repository\com\github\ben-manes\caffeine\caffeine\3.1.8\caffeine-3.1.8.jar;C:\Users\olive\.m2\repository\com\google\errorprone\error_prone_annotations\2.21.1\error_prone_annotations-2.21.1.jar;C:\Users\olive\.m2\repository\org\checkerframework\checker-qual\3.32.0\checker-qual-3.32.0.jar;C:\Users\olive\.m2\repository\org\springframework\boot\spring-boot-starter-thymeleaf\3.4.0\spring-boot-starter-thymeleaf-3.4.0.jar;C:\Users\olive\.m2\repository\org\thymeleaf\thymeleaf-spring6\3.1.2.RELEASE\thymeleaf-spring6-3.1.2.RELEASE.jar;C:\Users\olive\.m2\repository\org\thymeleaf\thymeleaf\3.1.2.RELEASE\thymeleaf-3.1.2.RELEASE.jar;C:\Users\olive\.m2\repository\org\attoparser\attoparser\2.0.7.RELEASE\attoparser-2.0.7.RELEASE.jar;C:\Users\olive\.m2\repository\org\unbescape\unbescape\1.1.6.RELEASE\unbescape-1.1.6.RELEASE.jar;C:\Users\olive\.m2\repository\org\projectlombok\lombok\1.18.36\lombok-1.18.36.jar;C:\Users\olive\.m2\repository\jakarta\xml\bind\jakarta.xml.bind-api\4.0.2\jakarta.xml.bind-api-4.0.2.jar;C:\Users\olive\.m2\repository\jakarta\activation\jakarta.activation-api\2.1.3\jakarta.activation-api-2.1.3.jar;C:\Users\olive\.m2\repository\org\springframework\spring-core\6.2.0\spring-core-6.2.0.jar;C:\Users\olive\.m2\repository\org\springframework\spring-jcl\6.2.0\spring-jcl-6.2.0.jar
Launcher Type: SUN_STANDARD

[Global flags]
     intx CICompilerCount                          = 4                                         {product} {ergonomic}
     uint ConcGCThreads                            = 2                                         {product} {ergonomic}
     uint G1ConcRefinementThreads                  = 8                                         {product} {ergonomic}
   size_t G1HeapRegionSize                         = 2097152                                   {product} {ergonomic}
    uintx GCDrainStackTargetSize                   = 64                                        {product} {ergonomic}
   size_t InitialHeapSize                          = 268435456                                 {product} {ergonomic}
   size_t MarkStackSize                            = 4194304                                   {product} {ergonomic}
   size_t MaxHeapSize                              = 4273995776                                {product} {ergonomic}
   size_t MaxNewSize                               = 2562719744                                {product} {ergonomic}
   size_t MinHeapDeltaBytes                        = 2097152                                   {product} {ergonomic}
   size_t MinHeapSize                              = 8388608                                   {product} {ergonomic}
    uintx NonNMethodCodeHeapSize                   = 5839372                                {pd product} {ergonomic}
    uintx NonProfiledCodeHeapSize                  = 122909434                              {pd product} {ergonomic}
    uintx ProfiledCodeHeapSize                     = 122909434                              {pd product} {ergonomic}
    uintx ReservedCodeCacheSize                    = 251658240                              {pd product} {ergonomic}
     bool SegmentedCodeCache                       = true                                      {product} {ergonomic}
   size_t SoftMaxHeapSize                          = 4273995776                             {manageable} {ergonomic}
     bool UseCompressedOops                        = true                           {product lp64_product} {ergonomic}
     bool UseG1GC                                  = true                                      {product} {ergonomic}
     bool UseLargePagesIndividualAllocation        = false                                  {pd product} {ergonomic}

Logging:
Log output configuration:
 #0: stdout all=warning uptime,level,tags foldmultilines=false
 #1: stderr all=off uptime,level,tags foldmultilines=false

Environment Variables:
PATH=C:\Windows\system32;C:\Windows;C:\Windows\System32\Wbem;C:\Windows\System32\WindowsPowerShell\v1.0\;C:\Windows\System32\OpenSSH\;C:\Program Files\Git\cmd;C:\Program Files\Mullvad VPN\resources;C:\Program Files\nodejs\;C:\Program Files\dotnet\;D:\dev\flutter_windows_3.24.3-stable\flutter\bin;C:\Users\olive\AppData\Local\Programs\Python\Python311\;C:\Users\olive\AppData\Local\Microsoft\WindowsApps;E:\Program Files (x86)\PyCharm Community Edition 2023.2.1\bin;;C:\Users\olive\AppData\Local\Programs\Microsoft VS Code\bin;C:\Users\olive\AppData\Local\GitHubDesktop\bin;C:\Users\olive\AppData\Roaming\npm;;E:\Program Files (x86)\IntelliJ IDEA Community Edition 2024.2.3\bin;
USERNAME=olive
OS=Windows_NT
PROCESSOR_IDENTIFIER=Intel64 Family 6 Model 158 Stepping 13, GenuineIntel
TMP=C:\Users\olive\AppData\Local\Temp
TEMP=C:\Users\olive\AppData\Local\Temp




Periodic native trim disabled

---------------  S Y S T E M  ---------------

OS:
 Windows 10 , 64 bit Build 19041 (10.0.19041.5072)
OS uptime: 0 days 5:09 hours

CPU: total 8 (initial active 8) (8 cores per cpu, 1 threads per core) family 6 model 158 stepping 13 microcode 0xd6, cx8, cmov, fxsr, mmx, 3dnowpref, sse, sse2, sse3, ssse3, sse4.1, sse4.2, popcnt, lzcnt, tsc, tscinvbit, avx, avx2, aes, erms, clmul, bmi1, bmi2, adx, fma, vzeroupper, clflush, clflushopt, rdtscp, f16c
Processor Information for all 8 processors :
  Max Mhz: 3601, Current Mhz: 3601, Mhz Limit: 3601

Memory: 4k page, system-wide physical 16296M (5713M free)
TotalPageFile size 19229M (AvailPageFile size 4M)
current process WorkingSet (physical memory assigned to process): 214M, peak: 276M
current process commit charge ("private bytes"): 265M, peak: 413M

vm_info: OpenJDK 64-Bit Server VM (21.0.1+12-29) for windows-amd64 JRE (21.0.1+12-29), built on 2023-10-05T13:27:09Z by "mach5one" with MS VC++ 17.1 (VS2022)

END.
