#
# There is insufficient memory for the Java Runtime Environment to continue.
# Native memory allocation (mmap) failed to map 65536 bytes for Failed to commit metaspace.
# Possible reasons:
#   The system is out of physical RAM or swap space
#   The process is running with CompressedOops enabled, and the Java Heap may be blocking the growth of the native heap
# Possible solutions:
#   Reduce memory load on the system
#   Increase physical memory or swap space
#   Check if swap backing store is full
#   Decrease Java heap size (-Xmx/-Xms)
#   Decrease number of Java threads
#   Decrease Java thread stack sizes (-Xss)
#   Set larger code cache with -XX:ReservedCodeCacheSize=
#   JVM is running with Zero Based Compressed Oops mode in which the Java heap is
#     placed in the first 32GB address space. The Java Heap base address is the
#     maximum limit for the native heap growth. Please use -XX:HeapBaseMinAddress
#     to set the Java Heap base and to place the Java Heap above 32GB virtual address.
# This output file may be truncated or incomplete.
#
#  Out of Memory Error (virtualSpaceNode.cpp:112), pid=4780, tid=15712
#
# JRE version: OpenJDK Runtime Environment (21.0.1+12) (build 21.0.1+12-29)
# Java VM: OpenJDK 64-Bit Server VM (21.0.1+12-29, mixed mode, sharing, tiered, compressed oops, compressed class ptrs, g1 gc, windows-amd64)
# No core dump will be written. Minidumps are not enabled by default on client versions of Windows
#

---------------  S U M M A R Y ------------

Command Line: -javaagent:E:\Program Files (x86)\IntelliJ IDEA Community Edition 2024.2.3\lib\idea_rt.jar=59635:E:\Program Files (x86)\IntelliJ IDEA Community Edition 2024.2.3\bin -Dfile.encoding=UTF-8 -Dsun.stdout.encoding=UTF-8 -Dsun.stderr.encoding=UTF-8 com.example.coolfashion.CoolfashionApplication

Host: Intel(R) Core(TM) i7-9700K CPU @ 3.60GHz, 8 cores, 15G,  Windows 10 , 64 bit Build 19041 (10.0.19041.5072)
Time: Sun Dec  8 16:32:19 2024 Västeuropa, normaltid elapsed time: 1.021283 seconds (0d 0h 0m 1s)

---------------  T H R E A D  ---------------

Current thread (0x000001eb8b3c47e0):  JavaThread "main"             [_thread_in_vm, id=15712, stack(0x00000009de400000,0x00000009de500000) (1024K)]

Stack: [0x00000009de400000,0x00000009de500000]
Native frames: (J=compiled Java code, j=interpreted, Vv=VM code, C=native code)
V  [jvm.dll+0x6c9029]
V  [jvm.dll+0x854b81]
V  [jvm.dll+0x856e5e]
V  [jvm.dll+0x857543]
V  [jvm.dll+0x280c06]
V  [jvm.dll+0x8508ae]
V  [jvm.dll+0x66ca45]
V  [jvm.dll+0x1e677c]
V  [jvm.dll+0x1e654e]
V  [jvm.dll+0x66f35c]
V  [jvm.dll+0x66f172]
V  [jvm.dll+0x66d41e]
V  [jvm.dll+0x27db26]
V  [jvm.dll+0x71e545]
V  [jvm.dll+0x71f08f]
V  [jvm.dll+0x3c297f]
V  [jvm.dll+0x3c1a27]
V  [jvm.dll+0x3c19c8]
V  [jvm.dll+0x3d373a]
C  0x000001eb9c53a83f

The last pc belongs to new (printed below).
Java frames: (J=compiled Java code, j=interpreted, Vv=VM code)
j  org.springframework.context.annotation.ConfigurationClassBeanDefinitionReader.loadBeanDefinitionsForBeanMethod(Lorg/springframework/context/annotation/BeanMethod;)V+240
j  org.springframework.context.annotation.ConfigurationClassBeanDefinitionReader.loadBeanDefinitionsForConfigurationClass(Lorg/springframework/context/annotation/ConfigurationClass;Lorg/springframework/context/annotation/ConfigurationClassBeanDefinitionReader$TrackedConditionEvaluator;)V+107
j  org.springframework.context.annotation.ConfigurationClassBeanDefinitionReader.loadBeanDefinitions(Ljava/util/Set;)V+40
j  org.springframework.context.annotation.ConfigurationClassPostProcessor.processConfigBeanDefinitions(Lorg/springframework/beans/factory/support/BeanDefinitionRegistry;)V+375
j  org.springframework.context.annotation.ConfigurationClassPostProcessor.postProcessBeanDefinitionRegistry(Lorg/springframework/beans/factory/support/BeanDefinitionRegistry;)V+81
j  org.springframework.context.support.PostProcessorRegistrationDelegate.invokeBeanDefinitionRegistryPostProcessors(Ljava/util/Collection;Lorg/springframework/beans/factory/support/BeanDefinitionRegistry;Lorg/springframework/core/metrics/ApplicationStartup;)V+59
j  org.springframework.context.support.PostProcessorRegistrationDelegate.invokeBeanFactoryPostProcessors(Lorg/springframework/beans/factory/config/ConfigurableListableBeanFactory;Ljava/util/List;)V+238
j  org.springframework.context.support.AbstractApplicationContext.invokeBeanFactoryPostProcessors(Lorg/springframework/beans/factory/config/ConfigurableListableBeanFactory;)V+5
j  org.springframework.context.support.AbstractApplicationContext.refresh()V+62
j  org.springframework.boot.web.servlet.context.ServletWebServerApplicationContext.refresh()V+1
j  org.springframework.boot.SpringApplication.refresh(Lorg/springframework/context/ConfigurableApplicationContext;)V+1
j  org.springframework.boot.SpringApplication.refreshContext(Lorg/springframework/context/ConfigurableApplicationContext;)V+19
j  org.springframework.boot.SpringApplication.run([Ljava/lang/String;)Lorg/springframework/context/ConfigurableApplicationContext;+113
j  org.springframework.boot.SpringApplication.run([Ljava/lang/Class;[Ljava/lang/String;)Lorg/springframework/context/ConfigurableApplicationContext;+9
j  org.springframework.boot.SpringApplication.run(Ljava/lang/Class;[Ljava/lang/String;)Lorg/springframework/context/ConfigurableApplicationContext;+9
j  com.example.coolfashion.CoolfashionApplication.main([Ljava/lang/String;)V+3
v  ~StubRoutines::call_stub 0x000001eb9c52100d
new  187 new  [0x000001eb9c53a6c0, 0x000001eb9c53a8c8]  520 bytes
[MachCode]
  0x000001eb9c53a6c0: 4883 ec08 | c5fa 1104 | 24eb 1f48 | 83ec 10c5 | fb11 0424 | eb14 4883 | ec10 4889 | 0424 48c7 
  0x000001eb9c53a6e0: 4424 0800 | 0000 00eb | 0150 410f | b755 010f | cac1 ea10 | 488b 4de8 | 488b 4908 | 488b 4908 
  0x000001eb9c53a700: 488b 4108 | 807c 1004 | 070f 85d3 | 0000 0066 | 8b54 d148 | 488b 4928 | 488b 4cd1 | 0851 80b9 
  0x000001eb9c53a720: 2001 0000 | 050f 85b6 | 0000 008b | 5108 f6c2 | 010f 85aa | 0000 0049 | 8b87 b801 | 0000 488d 
  0x000001eb9c53a740: 1c10 493b | 9fc8 0100 | 000f 8792 | 0000 0049 | 899f b801 | 0000 4883 | ea10 0f84 | 0f00 0000 
  0x000001eb9c53a760: 33c9 c1ea | 0348 894c | d008 48ff | ca75 f648 | c700 0100 | 0000 5933 | f689 700c | 49ba 0000 
  0x000001eb9c53a780: 00ad eb01 | 0000 492b | ca89 4808 | 49ba ca25 | 22b5 f97f | 0000 4180 | 3a00 0f84 | 3c00 0000 
  0x000001eb9c53a7a0: 5048 8bc8 | 4883 ec20 | 40f6 c40f | 0f84 1900 | 0000 4883 | ec08 48b8 | 70eb d2b4 | f97f 0000 
  0x000001eb9c53a7c0: ffd0 4883 | c408 e90c | 0000 0048 | b870 ebd2 | b4f9 7f00 | 00ff d048 | 83c4 2058 | e9cb 0000 
  0x000001eb9c53a7e0: 0059 488b | 55e8 488b | 5208 488b | 5208 450f | b745 0141 | 0fc8 41c1 | e810 e805 | 0000 00e9 
  0x000001eb9c53a800: a800 0000 | 488d 4424 | 084c 896d | c049 8bcf | c5f8 7749 | 89af a803 | 0000 4989 | 8798 0300 
  0x000001eb9c53a820: 0048 83ec | 2040 f6c4 | 0f0f 8419 | 0000 0048 | 83ec 0848 | b8b0 369d | b4f9 7f00 | 00ff d048 
  0x000001eb9c53a840: 83c4 08e9 | 0c00 0000 | 48b8 b036 | 9db4 f97f | 0000 ffd0 | 4883 c420 | 49c7 8798 | 0300 0000 
  0x000001eb9c53a860: 0000 0049 | c787 a803 | 0000 0000 | 0000 49c7 | 87a0 0300 | 0000 0000 | 00c5 f877 | 4983 7f08 
  0x000001eb9c53a880: 000f 8405 | 0000 00e9 | 7466 feff | 498b 87f0 | 0300 0049 | c787 f003 | 0000 0000 | 0000 4c8b 
  0x000001eb9c53a8a0: 6dc0 4c8b | 75c8 4e8d | 74f5 00c3 | 410f b65d | 0349 83c5 | 0349 ba80 | df24 b5f9 | 7f00 0041 
  0x000001eb9c53a8c0: ff24 da0f | 1f44 0000 
[/MachCode]

---------------  P R O C E S S  ---------------

Threads class SMR info:
_java_thread_list=0x000001ebf300b650, length=14, elements={
0x000001eb8b3c47e0, 0x000001ebac4da4b0, 0x000001ebac4dc3e0, 0x000001ebac4de510,
0x000001ebac4e0f80, 0x000001ebac4e29f0, 0x000001ebac4e3450, 0x000001ebac4ec1f0,
0x000001ebac4f21a0, 0x000001ebac4a66f0, 0x000001ebac868fb0, 0x000001ebf20c2fc0,
0x000001ebf2291890, 0x000001ebf2d72490
}

Java Threads: ( => current thread )
=>0x000001eb8b3c47e0 JavaThread "main"                              [_thread_in_vm, id=15712, stack(0x00000009de400000,0x00000009de500000) (1024K)]
  0x000001ebac4da4b0 JavaThread "Reference Handler"          daemon [_thread_blocked, id=16220, stack(0x00000009dec00000,0x00000009ded00000) (1024K)]
  0x000001ebac4dc3e0 JavaThread "Finalizer"                  daemon [_thread_blocked, id=16776, stack(0x00000009ded00000,0x00000009dee00000) (1024K)]
  0x000001ebac4de510 JavaThread "Signal Dispatcher"          daemon [_thread_blocked, id=4976, stack(0x00000009dee00000,0x00000009def00000) (1024K)]
  0x000001ebac4e0f80 JavaThread "Attach Listener"            daemon [_thread_blocked, id=18616, stack(0x00000009def00000,0x00000009df000000) (1024K)]
  0x000001ebac4e29f0 JavaThread "Service Thread"             daemon [_thread_blocked, id=15180, stack(0x00000009df000000,0x00000009df100000) (1024K)]
  0x000001ebac4e3450 JavaThread "Monitor Deflation Thread"   daemon [_thread_blocked, id=8328, stack(0x00000009df100000,0x00000009df200000) (1024K)]
  0x000001ebac4ec1f0 JavaThread "C2 CompilerThread0"         daemon [_thread_blocked, id=15496, stack(0x00000009df200000,0x00000009df300000) (1024K)]
  0x000001ebac4f21a0 JavaThread "C1 CompilerThread0"         daemon [_thread_blocked, id=19076, stack(0x00000009df300000,0x00000009df400000) (1024K)]
  0x000001ebac4a66f0 JavaThread "Common-Cleaner"             daemon [_thread_blocked, id=1604, stack(0x00000009df400000,0x00000009df500000) (1024K)]
  0x000001ebac868fb0 JavaThread "Monitor Ctrl-Break"         daemon [_thread_in_native, id=16432, stack(0x00000009df500000,0x00000009df600000) (1024K)]
  0x000001ebf20c2fc0 JavaThread "Notification Thread"        daemon [_thread_blocked, id=6752, stack(0x00000009df600000,0x00000009df700000) (1024K)]
  0x000001ebf2291890 JavaThread "C2 CompilerThread1"         daemon [_thread_in_native, id=9144, stack(0x00000009df700000,0x00000009df800000) (1024K)]
  0x000001ebf2d72490 JavaThread "C2 CompilerThread2"         daemon [_thread_blocked, id=16736, stack(0x00000009dfe00000,0x00000009dff00000) (1024K)]
Total: 14

Other Threads:
  0x000001ebac4bbc10 VMThread "VM Thread"                           [id=17300, stack(0x00000009deb00000,0x00000009dec00000) (1024K)]
  0x000001ebac4a4300 WatcherThread "VM Periodic Task Thread"        [id=18804, stack(0x00000009dea00000,0x00000009deb00000) (1024K)]
  0x000001eb8b42bee0 WorkerThread "GC Thread#0"                     [id=16724, stack(0x00000009de500000,0x00000009de600000) (1024K)]
  0x000001ebf29019d0 WorkerThread "GC Thread#1"                     [id=3412, stack(0x00000009df800000,0x00000009df900000) (1024K)]
  0x000001ebf2901d70 WorkerThread "GC Thread#2"                     [id=8024, stack(0x00000009df900000,0x00000009dfa00000) (1024K)]
  0x000001ebf2902520 WorkerThread "GC Thread#3"                     [id=8448, stack(0x00000009dfa00000,0x00000009dfb00000) (1024K)]
  0x000001ebf284b010 WorkerThread "GC Thread#4"                     [id=19328, stack(0x00000009dfb00000,0x00000009dfc00000) (1024K)]
  0x000001ebf2c5b960 WorkerThread "GC Thread#5"                     [id=4628, stack(0x00000009dfc00000,0x00000009dfd00000) (1024K)]
  0x000001ebf318cc50 WorkerThread "GC Thread#6"                     [id=8472, stack(0x00000009dff00000,0x00000009e0000000) (1024K)]
  0x000001ebf2dd9d30 WorkerThread "GC Thread#7"                     [id=5384, stack(0x00000009e0000000,0x00000009e0100000) (1024K)]
  0x000001eb8b43ef50 ConcurrentGCThread "G1 Main Marker"            [id=5500, stack(0x00000009de600000,0x00000009de700000) (1024K)]
  0x000001eb8b43fa50 WorkerThread "G1 Conc#0"                       [id=10504, stack(0x00000009de700000,0x00000009de800000) (1024K)]
  0x000001eb8b48ea20 ConcurrentGCThread "G1 Refine#0"               [id=14296, stack(0x00000009de800000,0x00000009de900000) (1024K)]
  0x000001ebac369b70 ConcurrentGCThread "G1 Service"                [id=6700, stack(0x00000009de900000,0x00000009dea00000) (1024K)]
Total: 14

Threads with active compile tasks:
C2 CompilerThread1     1030 2765   !   4       java.net.URL::<init> (543 bytes)
Total: 1

VM state: not at safepoint (normal execution)

VM Mutex/Monitor currently owned by a thread:  ([mutex/lock_event])
[0x00007ff9b5238578] Metaspace_lock - owner thread: 0x000001eb8b3c47e0

Heap address: 0x0000000701400000, size: 4076 MB, Compressed Oops mode: Zero based, Oop shift amount: 3

CDS archive(s) mapped at: [0x000001ebad000000-0x000001ebadc90000-0x000001ebadc90000), size 13172736, SharedBaseAddress: 0x000001ebad000000, ArchiveRelocationMode: 1.
Compressed class space mapped at: 0x000001ebae000000-0x000001ebee000000, reserved size: 1073741824
Narrow klass base: 0x000001ebad000000, Narrow klass shift: 0, Narrow klass range: 0x100000000

GC Precious Log:
 CardTable entry size: 512
 Card Set container configuration: InlinePtr #cards 4 size 8 Array Of Cards #cards 16 size 48 Howl #buckets 8 coarsen threshold 3686 Howl Bitmap #cards 512 size 80 coarsen threshold 460 Card regions per heap region 1 cards per card region 4096
 CPUs: 8 total, 8 available
 Memory: 16296M
 Large Page Support: Disabled
 NUMA Support: Disabled
 Compressed Oops: Enabled (Zero based)
 Heap Region Size: 2M
 Heap Min Capacity: 8M
 Heap Initial Capacity: 256M
 Heap Max Capacity: 4076M
 Pre-touch: Disabled
 Parallel Workers: 8
 Concurrent Workers: 2
 Concurrent Refinement Workers: 8
 Periodic GC: Disabled

Heap:
 garbage-first heap   total 262144K, used 44536K [0x0000000701400000, 0x0000000800000000)
  region size 2048K, 21 young (43008K), 2 survivors (4096K)
 Metaspace       used 19368K, committed 19648K, reserved 1114112K
  class space    used 2360K, committed 2496K, reserved 1048576K

Heap Regions: E=young(eden), S=young(survivor), O=old, HS=humongous(starts), HC=humongous(continues), CS=collection set, F=free, TAMS=top-at-mark-start, PB=parsable bottom
|   0|0x0000000701400000, 0x0000000701600000, 0x0000000701600000|100%| O|  |TAMS 0x0000000701400000| PB 0x0000000701400000| Untracked 
|   1|0x0000000701600000, 0x0000000701800000, 0x0000000701800000|100%| O|  |TAMS 0x0000000701600000| PB 0x0000000701600000| Untracked 
|   2|0x0000000701800000, 0x0000000701a00000, 0x0000000701a00000|100%| O|  |TAMS 0x0000000701800000| PB 0x0000000701800000| Untracked 
|   3|0x0000000701a00000, 0x0000000701b11ff0, 0x0000000701c00000| 53%| O|  |TAMS 0x0000000701a00000| PB 0x0000000701a00000| Untracked 
|   4|0x0000000701c00000, 0x0000000701c00000, 0x0000000701e00000|  0%| F|  |TAMS 0x0000000701c00000| PB 0x0000000701c00000| Untracked 
|   5|0x0000000701e00000, 0x0000000701e00000, 0x0000000702000000|  0%| F|  |TAMS 0x0000000701e00000| PB 0x0000000701e00000| Untracked 
|   6|0x0000000702000000, 0x0000000702000000, 0x0000000702200000|  0%| F|  |TAMS 0x0000000702000000| PB 0x0000000702000000| Untracked 
|   7|0x0000000702200000, 0x0000000702200000, 0x0000000702400000|  0%| F|  |TAMS 0x0000000702200000| PB 0x0000000702200000| Untracked 
|   8|0x0000000702400000, 0x0000000702400000, 0x0000000702600000|  0%| F|  |TAMS 0x0000000702400000| PB 0x0000000702400000| Untracked 
|   9|0x0000000702600000, 0x0000000702600000, 0x0000000702800000|  0%| F|  |TAMS 0x0000000702600000| PB 0x0000000702600000| Untracked 
|  10|0x0000000702800000, 0x0000000702800000, 0x0000000702a00000|  0%| F|  |TAMS 0x0000000702800000| PB 0x0000000702800000| Untracked 
|  11|0x0000000702a00000, 0x0000000702a00000, 0x0000000702c00000|  0%| F|  |TAMS 0x0000000702a00000| PB 0x0000000702a00000| Untracked 
|  12|0x0000000702c00000, 0x0000000702c00000, 0x0000000702e00000|  0%| F|  |TAMS 0x0000000702c00000| PB 0x0000000702c00000| Untracked 
|  13|0x0000000702e00000, 0x0000000702e00000, 0x0000000703000000|  0%| F|  |TAMS 0x0000000702e00000| PB 0x0000000702e00000| Untracked 
|  14|0x0000000703000000, 0x0000000703000000, 0x0000000703200000|  0%| F|  |TAMS 0x0000000703000000| PB 0x0000000703000000| Untracked 
|  15|0x0000000703200000, 0x0000000703200000, 0x0000000703400000|  0%| F|  |TAMS 0x0000000703200000| PB 0x0000000703200000| Untracked 
|  16|0x0000000703400000, 0x0000000703400000, 0x0000000703600000|  0%| F|  |TAMS 0x0000000703400000| PB 0x0000000703400000| Untracked 
|  17|0x0000000703600000, 0x0000000703600000, 0x0000000703800000|  0%| F|  |TAMS 0x0000000703600000| PB 0x0000000703600000| Untracked 
|  18|0x0000000703800000, 0x0000000703800000, 0x0000000703a00000|  0%| F|  |TAMS 0x0000000703800000| PB 0x0000000703800000| Untracked 
|  19|0x0000000703a00000, 0x0000000703a00000, 0x0000000703c00000|  0%| F|  |TAMS 0x0000000703a00000| PB 0x0000000703a00000| Untracked 
|  20|0x0000000703c00000, 0x0000000703c00000, 0x0000000703e00000|  0%| F|  |TAMS 0x0000000703c00000| PB 0x0000000703c00000| Untracked 
|  21|0x0000000703e00000, 0x0000000703e00000, 0x0000000704000000|  0%| F|  |TAMS 0x0000000703e00000| PB 0x0000000703e00000| Untracked 
|  22|0x0000000704000000, 0x0000000704000000, 0x0000000704200000|  0%| F|  |TAMS 0x0000000704000000| PB 0x0000000704000000| Untracked 
|  23|0x0000000704200000, 0x0000000704200000, 0x0000000704400000|  0%| F|  |TAMS 0x0000000704200000| PB 0x0000000704200000| Untracked 
|  24|0x0000000704400000, 0x0000000704400000, 0x0000000704600000|  0%| F|  |TAMS 0x0000000704400000| PB 0x0000000704400000| Untracked 
|  25|0x0000000704600000, 0x0000000704600000, 0x0000000704800000|  0%| F|  |TAMS 0x0000000704600000| PB 0x0000000704600000| Untracked 
|  26|0x0000000704800000, 0x0000000704800000, 0x0000000704a00000|  0%| F|  |TAMS 0x0000000704800000| PB 0x0000000704800000| Untracked 
|  27|0x0000000704a00000, 0x0000000704a00000, 0x0000000704c00000|  0%| F|  |TAMS 0x0000000704a00000| PB 0x0000000704a00000| Untracked 
|  28|0x0000000704c00000, 0x0000000704c00000, 0x0000000704e00000|  0%| F|  |TAMS 0x0000000704c00000| PB 0x0000000704c00000| Untracked 
|  29|0x0000000704e00000, 0x0000000704e00000, 0x0000000705000000|  0%| F|  |TAMS 0x0000000704e00000| PB 0x0000000704e00000| Untracked 
|  30|0x0000000705000000, 0x0000000705000000, 0x0000000705200000|  0%| F|  |TAMS 0x0000000705000000| PB 0x0000000705000000| Untracked 
|  31|0x0000000705200000, 0x0000000705200000, 0x0000000705400000|  0%| F|  |TAMS 0x0000000705200000| PB 0x0000000705200000| Untracked 
|  32|0x0000000705400000, 0x0000000705400000, 0x0000000705600000|  0%| F|  |TAMS 0x0000000705400000| PB 0x0000000705400000| Untracked 
|  33|0x0000000705600000, 0x0000000705600000, 0x0000000705800000|  0%| F|  |TAMS 0x0000000705600000| PB 0x0000000705600000| Untracked 
|  34|0x0000000705800000, 0x0000000705800000, 0x0000000705a00000|  0%| F|  |TAMS 0x0000000705800000| PB 0x0000000705800000| Untracked 
|  35|0x0000000705a00000, 0x0000000705a00000, 0x0000000705c00000|  0%| F|  |TAMS 0x0000000705a00000| PB 0x0000000705a00000| Untracked 
|  36|0x0000000705c00000, 0x0000000705c00000, 0x0000000705e00000|  0%| F|  |TAMS 0x0000000705c00000| PB 0x0000000705c00000| Untracked 
|  37|0x0000000705e00000, 0x0000000705e00000, 0x0000000706000000|  0%| F|  |TAMS 0x0000000705e00000| PB 0x0000000705e00000| Untracked 
|  38|0x0000000706000000, 0x0000000706000000, 0x0000000706200000|  0%| F|  |TAMS 0x0000000706000000| PB 0x0000000706000000| Untracked 
|  39|0x0000000706200000, 0x0000000706200000, 0x0000000706400000|  0%| F|  |TAMS 0x0000000706200000| PB 0x0000000706200000| Untracked 
|  40|0x0000000706400000, 0x0000000706400000, 0x0000000706600000|  0%| F|  |TAMS 0x0000000706400000| PB 0x0000000706400000| Untracked 
|  41|0x0000000706600000, 0x0000000706600000, 0x0000000706800000|  0%| F|  |TAMS 0x0000000706600000| PB 0x0000000706600000| Untracked 
|  42|0x0000000706800000, 0x0000000706800000, 0x0000000706a00000|  0%| F|  |TAMS 0x0000000706800000| PB 0x0000000706800000| Untracked 
|  43|0x0000000706a00000, 0x0000000706a00000, 0x0000000706c00000|  0%| F|  |TAMS 0x0000000706a00000| PB 0x0000000706a00000| Untracked 
|  44|0x0000000706c00000, 0x0000000706c00000, 0x0000000706e00000|  0%| F|  |TAMS 0x0000000706c00000| PB 0x0000000706c00000| Untracked 
|  45|0x0000000706e00000, 0x0000000706e00000, 0x0000000707000000|  0%| F|  |TAMS 0x0000000706e00000| PB 0x0000000706e00000| Untracked 
|  46|0x0000000707000000, 0x0000000707000000, 0x0000000707200000|  0%| F|  |TAMS 0x0000000707000000| PB 0x0000000707000000| Untracked 
|  47|0x0000000707200000, 0x0000000707200000, 0x0000000707400000|  0%| F|  |TAMS 0x0000000707200000| PB 0x0000000707200000| Untracked 
|  48|0x0000000707400000, 0x0000000707400000, 0x0000000707600000|  0%| F|  |TAMS 0x0000000707400000| PB 0x0000000707400000| Untracked 
|  49|0x0000000707600000, 0x0000000707600000, 0x0000000707800000|  0%| F|  |TAMS 0x0000000707600000| PB 0x0000000707600000| Untracked 
|  50|0x0000000707800000, 0x0000000707800000, 0x0000000707a00000|  0%| F|  |TAMS 0x0000000707800000| PB 0x0000000707800000| Untracked 
|  51|0x0000000707a00000, 0x0000000707a00000, 0x0000000707c00000|  0%| F|  |TAMS 0x0000000707a00000| PB 0x0000000707a00000| Untracked 
|  52|0x0000000707c00000, 0x0000000707c00000, 0x0000000707e00000|  0%| F|  |TAMS 0x0000000707c00000| PB 0x0000000707c00000| Untracked 
|  53|0x0000000707e00000, 0x0000000707e00000, 0x0000000708000000|  0%| F|  |TAMS 0x0000000707e00000| PB 0x0000000707e00000| Untracked 
|  54|0x0000000708000000, 0x0000000708000000, 0x0000000708200000|  0%| F|  |TAMS 0x0000000708000000| PB 0x0000000708000000| Untracked 
|  55|0x0000000708200000, 0x0000000708200000, 0x0000000708400000|  0%| F|  |TAMS 0x0000000708200000| PB 0x0000000708200000| Untracked 
|  56|0x0000000708400000, 0x0000000708400000, 0x0000000708600000|  0%| F|  |TAMS 0x0000000708400000| PB 0x0000000708400000| Untracked 
|  57|0x0000000708600000, 0x0000000708600000, 0x0000000708800000|  0%| F|  |TAMS 0x0000000708600000| PB 0x0000000708600000| Untracked 
|  58|0x0000000708800000, 0x0000000708800000, 0x0000000708a00000|  0%| F|  |TAMS 0x0000000708800000| PB 0x0000000708800000| Untracked 
|  59|0x0000000708a00000, 0x0000000708a00000, 0x0000000708c00000|  0%| F|  |TAMS 0x0000000708a00000| PB 0x0000000708a00000| Untracked 
|  60|0x0000000708c00000, 0x0000000708c00000, 0x0000000708e00000|  0%| F|  |TAMS 0x0000000708c00000| PB 0x0000000708c00000| Untracked 
|  61|0x0000000708e00000, 0x0000000708e00000, 0x0000000709000000|  0%| F|  |TAMS 0x0000000708e00000| PB 0x0000000708e00000| Untracked 
|  62|0x0000000709000000, 0x0000000709000000, 0x0000000709200000|  0%| F|  |TAMS 0x0000000709000000| PB 0x0000000709000000| Untracked 
|  63|0x0000000709200000, 0x0000000709200000, 0x0000000709400000|  0%| F|  |TAMS 0x0000000709200000| PB 0x0000000709200000| Untracked 
|  64|0x0000000709400000, 0x0000000709400000, 0x0000000709600000|  0%| F|  |TAMS 0x0000000709400000| PB 0x0000000709400000| Untracked 
|  65|0x0000000709600000, 0x0000000709600000, 0x0000000709800000|  0%| F|  |TAMS 0x0000000709600000| PB 0x0000000709600000| Untracked 
|  66|0x0000000709800000, 0x0000000709800000, 0x0000000709a00000|  0%| F|  |TAMS 0x0000000709800000| PB 0x0000000709800000| Untracked 
|  67|0x0000000709a00000, 0x0000000709a00000, 0x0000000709c00000|  0%| F|  |TAMS 0x0000000709a00000| PB 0x0000000709a00000| Untracked 
|  68|0x0000000709c00000, 0x0000000709c00000, 0x0000000709e00000|  0%| F|  |TAMS 0x0000000709c00000| PB 0x0000000709c00000| Untracked 
|  69|0x0000000709e00000, 0x0000000709e00000, 0x000000070a000000|  0%| F|  |TAMS 0x0000000709e00000| PB 0x0000000709e00000| Untracked 
|  70|0x000000070a000000, 0x000000070a000000, 0x000000070a200000|  0%| F|  |TAMS 0x000000070a000000| PB 0x000000070a000000| Untracked 
|  71|0x000000070a200000, 0x000000070a200000, 0x000000070a400000|  0%| F|  |TAMS 0x000000070a200000| PB 0x000000070a200000| Untracked 
|  72|0x000000070a400000, 0x000000070a400000, 0x000000070a600000|  0%| F|  |TAMS 0x000000070a400000| PB 0x000000070a400000| Untracked 
|  73|0x000000070a600000, 0x000000070a600000, 0x000000070a800000|  0%| F|  |TAMS 0x000000070a600000| PB 0x000000070a600000| Untracked 
|  74|0x000000070a800000, 0x000000070a800000, 0x000000070aa00000|  0%| F|  |TAMS 0x000000070a800000| PB 0x000000070a800000| Untracked 
|  75|0x000000070aa00000, 0x000000070aa00000, 0x000000070ac00000|  0%| F|  |TAMS 0x000000070aa00000| PB 0x000000070aa00000| Untracked 
|  76|0x000000070ac00000, 0x000000070ac00000, 0x000000070ae00000|  0%| F|  |TAMS 0x000000070ac00000| PB 0x000000070ac00000| Untracked 
|  77|0x000000070ae00000, 0x000000070ae00000, 0x000000070b000000|  0%| F|  |TAMS 0x000000070ae00000| PB 0x000000070ae00000| Untracked 
|  78|0x000000070b000000, 0x000000070b000000, 0x000000070b200000|  0%| F|  |TAMS 0x000000070b000000| PB 0x000000070b000000| Untracked 
|  79|0x000000070b200000, 0x000000070b200000, 0x000000070b400000|  0%| F|  |TAMS 0x000000070b200000| PB 0x000000070b200000| Untracked 
|  80|0x000000070b400000, 0x000000070b400000, 0x000000070b600000|  0%| F|  |TAMS 0x000000070b400000| PB 0x000000070b400000| Untracked 
|  81|0x000000070b600000, 0x000000070b600000, 0x000000070b800000|  0%| F|  |TAMS 0x000000070b600000| PB 0x000000070b600000| Untracked 
|  82|0x000000070b800000, 0x000000070b800000, 0x000000070ba00000|  0%| F|  |TAMS 0x000000070b800000| PB 0x000000070b800000| Untracked 
|  83|0x000000070ba00000, 0x000000070ba00000, 0x000000070bc00000|  0%| F|  |TAMS 0x000000070ba00000| PB 0x000000070ba00000| Untracked 
|  84|0x000000070bc00000, 0x000000070bc00000, 0x000000070be00000|  0%| F|  |TAMS 0x000000070bc00000| PB 0x000000070bc00000| Untracked 
|  85|0x000000070be00000, 0x000000070be00000, 0x000000070c000000|  0%| F|  |TAMS 0x000000070be00000| PB 0x000000070be00000| Untracked 
|  86|0x000000070c000000, 0x000000070c000000, 0x000000070c200000|  0%| F|  |TAMS 0x000000070c000000| PB 0x000000070c000000| Untracked 
|  87|0x000000070c200000, 0x000000070c200000, 0x000000070c400000|  0%| F|  |TAMS 0x000000070c200000| PB 0x000000070c200000| Untracked 
|  88|0x000000070c400000, 0x000000070c400000, 0x000000070c600000|  0%| F|  |TAMS 0x000000070c400000| PB 0x000000070c400000| Untracked 
|  89|0x000000070c600000, 0x000000070c600000, 0x000000070c800000|  0%| F|  |TAMS 0x000000070c600000| PB 0x000000070c600000| Untracked 
|  90|0x000000070c800000, 0x000000070c800000, 0x000000070ca00000|  0%| F|  |TAMS 0x000000070c800000| PB 0x000000070c800000| Untracked 
|  91|0x000000070ca00000, 0x000000070ca00000, 0x000000070cc00000|  0%| F|  |TAMS 0x000000070ca00000| PB 0x000000070ca00000| Untracked 
|  92|0x000000070cc00000, 0x000000070cc00000, 0x000000070ce00000|  0%| F|  |TAMS 0x000000070cc00000| PB 0x000000070cc00000| Untracked 
|  93|0x000000070ce00000, 0x000000070ce00000, 0x000000070d000000|  0%| F|  |TAMS 0x000000070ce00000| PB 0x000000070ce00000| Untracked 
|  94|0x000000070d000000, 0x000000070d000000, 0x000000070d200000|  0%| F|  |TAMS 0x000000070d000000| PB 0x000000070d000000| Untracked 
|  95|0x000000070d200000, 0x000000070d200000, 0x000000070d400000|  0%| F|  |TAMS 0x000000070d200000| PB 0x000000070d200000| Untracked 
|  96|0x000000070d400000, 0x000000070d400000, 0x000000070d600000|  0%| F|  |TAMS 0x000000070d400000| PB 0x000000070d400000| Untracked 
|  97|0x000000070d600000, 0x000000070d600000, 0x000000070d800000|  0%| F|  |TAMS 0x000000070d600000| PB 0x000000070d600000| Untracked 
|  98|0x000000070d800000, 0x000000070d800000, 0x000000070da00000|  0%| F|  |TAMS 0x000000070d800000| PB 0x000000070d800000| Untracked 
|  99|0x000000070da00000, 0x000000070da00000, 0x000000070dc00000|  0%| F|  |TAMS 0x000000070da00000| PB 0x000000070da00000| Untracked 
| 100|0x000000070dc00000, 0x000000070dc00000, 0x000000070de00000|  0%| F|  |TAMS 0x000000070dc00000| PB 0x000000070dc00000| Untracked 
| 101|0x000000070de00000, 0x000000070de00000, 0x000000070e000000|  0%| F|  |TAMS 0x000000070de00000| PB 0x000000070de00000| Untracked 
| 102|0x000000070e000000, 0x000000070e000000, 0x000000070e200000|  0%| F|  |TAMS 0x000000070e000000| PB 0x000000070e000000| Untracked 
| 103|0x000000070e200000, 0x000000070e200000, 0x000000070e400000|  0%| F|  |TAMS 0x000000070e200000| PB 0x000000070e200000| Untracked 
| 104|0x000000070e400000, 0x000000070e400000, 0x000000070e600000|  0%| F|  |TAMS 0x000000070e400000| PB 0x000000070e400000| Untracked 
| 105|0x000000070e600000, 0x000000070e600000, 0x000000070e800000|  0%| F|  |TAMS 0x000000070e600000| PB 0x000000070e600000| Untracked 
| 106|0x000000070e800000, 0x000000070e800000, 0x000000070ea00000|  0%| F|  |TAMS 0x000000070e800000| PB 0x000000070e800000| Untracked 
| 107|0x000000070ea00000, 0x000000070ec00000, 0x000000070ec00000|100%| E|  |TAMS 0x000000070ea00000| PB 0x000000070ea00000| Complete 
| 108|0x000000070ec00000, 0x000000070ee00000, 0x000000070ee00000|100%| E|CS|TAMS 0x000000070ec00000| PB 0x000000070ec00000| Complete 
| 109|0x000000070ee00000, 0x000000070f000000, 0x000000070f000000|100%| E|CS|TAMS 0x000000070ee00000| PB 0x000000070ee00000| Complete 
| 110|0x000000070f000000, 0x000000070f200000, 0x000000070f200000|100%| E|CS|TAMS 0x000000070f000000| PB 0x000000070f000000| Complete 
| 111|0x000000070f200000, 0x000000070f400000, 0x000000070f400000|100%| E|CS|TAMS 0x000000070f200000| PB 0x000000070f200000| Complete 
| 112|0x000000070f400000, 0x000000070f46c060, 0x000000070f600000| 21%| S|CS|TAMS 0x000000070f400000| PB 0x000000070f400000| Complete 
| 113|0x000000070f600000, 0x000000070f800000, 0x000000070f800000|100%| S|CS|TAMS 0x000000070f600000| PB 0x000000070f600000| Complete 
| 114|0x000000070f800000, 0x000000070fa00000, 0x000000070fa00000|100%| E|CS|TAMS 0x000000070f800000| PB 0x000000070f800000| Complete 
| 115|0x000000070fa00000, 0x000000070fc00000, 0x000000070fc00000|100%| E|CS|TAMS 0x000000070fa00000| PB 0x000000070fa00000| Complete 
| 116|0x000000070fc00000, 0x000000070fe00000, 0x000000070fe00000|100%| E|CS|TAMS 0x000000070fc00000| PB 0x000000070fc00000| Complete 
| 117|0x000000070fe00000, 0x0000000710000000, 0x0000000710000000|100%| E|CS|TAMS 0x000000070fe00000| PB 0x000000070fe00000| Complete 
| 118|0x0000000710000000, 0x0000000710200000, 0x0000000710200000|100%| E|CS|TAMS 0x0000000710000000| PB 0x0000000710000000| Complete 
| 119|0x0000000710200000, 0x0000000710400000, 0x0000000710400000|100%| E|CS|TAMS 0x0000000710200000| PB 0x0000000710200000| Complete 
| 120|0x0000000710400000, 0x0000000710600000, 0x0000000710600000|100%| E|CS|TAMS 0x0000000710400000| PB 0x0000000710400000| Complete 
| 121|0x0000000710600000, 0x0000000710800000, 0x0000000710800000|100%| E|CS|TAMS 0x0000000710600000| PB 0x0000000710600000| Complete 
| 122|0x0000000710800000, 0x0000000710a00000, 0x0000000710a00000|100%| E|CS|TAMS 0x0000000710800000| PB 0x0000000710800000| Complete 
| 123|0x0000000710a00000, 0x0000000710c00000, 0x0000000710c00000|100%| E|CS|TAMS 0x0000000710a00000| PB 0x0000000710a00000| Complete 
| 124|0x0000000710c00000, 0x0000000710e00000, 0x0000000710e00000|100%| E|CS|TAMS 0x0000000710c00000| PB 0x0000000710c00000| Complete 
| 125|0x0000000710e00000, 0x0000000711000000, 0x0000000711000000|100%| E|CS|TAMS 0x0000000710e00000| PB 0x0000000710e00000| Complete 
| 126|0x0000000711000000, 0x0000000711200000, 0x0000000711200000|100%| E|  |TAMS 0x0000000711000000| PB 0x0000000711000000| Complete 
| 127|0x0000000711200000, 0x0000000711400000, 0x0000000711400000|100%| E|CS|TAMS 0x0000000711200000| PB 0x0000000711200000| Complete 

Card table byte_map: [0x000001eba5260000,0x000001eba5a60000] _byte_map_base: 0x000001eba1a56000

Marking Bits: (CMBitMap*) 0x000001eb8b42c5e0
 Bits: [0x000001eba5a60000, 0x000001eba9a10000)

Polling page: 0x000001eb8b490000

Metaspace:

Usage:
  Non-class:     16.61 MB used.
      Class:      2.31 MB used.
       Both:     18.91 MB used.

Virtual space:
  Non-class space:       64.00 MB reserved,      16.75 MB ( 26%) committed,  1 nodes.
      Class space:        1.00 GB reserved,       2.44 MB ( <1%) committed,  1 nodes.
             Both:        1.06 GB reserved,      19.19 MB (  2%) committed. 

Chunk freelists:
   Non-Class:  15.23 MB
       Class:  13.58 MB
        Both:  28.81 MB

MaxMetaspaceSize: unlimited
CompressedClassSpaceSize: 1.00 GB
Initial GC threshold: 21.00 MB
Current GC threshold: 21.00 MB
CDS: on
 - commit_granule_bytes: 65536.
 - commit_granule_words: 8192.
 - virtual_space_node_default_size: 8388608.
 - enlarge_chunks_in_place: 1.
 - use_allocation_guard: 0.


Internal statistics:

num_allocs_failed_limit: 0.
num_arena_births: 332.
num_arena_deaths: 0.
num_vsnodes_births: 2.
num_vsnodes_deaths: 0.
num_space_committed: 307.
num_space_uncommitted: 0.
num_chunks_returned_to_freelist: 0.
num_chunks_taken_from_freelist: 1016.
num_chunk_merges: 0.
num_chunk_splits: 664.
num_chunks_enlarged: 447.
num_inconsistent_stats: 0.

CodeHeap 'non-profiled nmethods': size=120000Kb used=1281Kb max_used=1281Kb free=118718Kb
 bounds [0x000001eb9cac0000, 0x000001eb9cd30000, 0x000001eba3ff0000]
CodeHeap 'profiled nmethods': size=120000Kb used=5560Kb max_used=5560Kb free=114439Kb
 bounds [0x000001eb94ff0000, 0x000001eb95560000, 0x000001eb9c520000]
CodeHeap 'non-nmethods': size=5760Kb used=1444Kb max_used=1476Kb free=4315Kb
 bounds [0x000001eb9c520000, 0x000001eb9c790000, 0x000001eb9cac0000]
 total_blobs=3371 nmethods=2842 adapters=432
 compilation: enabled
              stopped_count=0, restarted_count=0
 full_count=0

Compilation events (20 events):
Event: 1.014 Thread 0x000001ebac4f21a0 nmethod 2827 0x000001eb9555b090 code [0x000001eb9555b240, 0x000001eb9555b360]
Event: 1.014 Thread 0x000001ebac4f21a0 2828       3       org.springframework.core.annotation.MergedAnnotations::from (11 bytes)
Event: 1.014 Thread 0x000001ebac4f21a0 nmethod 2828 0x000001eb9555b410 code [0x000001eb9555b5c0, 0x000001eb9555b6f0]
Event: 1.014 Thread 0x000001ebac4f21a0 2836       1       org.springframework.core.type.classreading.SimpleMethodMetadata::getMethodName (5 bytes)
Event: 1.014 Thread 0x000001ebac4f21a0 nmethod 2836 0x000001eb9cbfe110 code [0x000001eb9cbfe2a0, 0x000001eb9cbfe370]
Event: 1.014 Thread 0x000001ebac4f21a0 2826       3       java.lang.Class::getDeclaredConstructor (31 bytes)
Event: 1.014 Thread 0x000001ebf2d72490 2838       4       jdk.internal.org.objectweb.asm.ByteVector::put122 (93 bytes)
Event: 1.014 Thread 0x000001ebac4f21a0 nmethod 2826 0x000001eb9555b790 code [0x000001eb9555ba00, 0x000001eb9555c2d0]
Event: 1.015 Thread 0x000001ebac4ec1f0 nmethod 2837 0x000001eb9cbfe410 code [0x000001eb9cbfe5c0, 0x000001eb9cbfe948]
Event: 1.015 Thread 0x000001ebf2d72490 nmethod 2838 0x000001eb9cbfeb90 code [0x000001eb9cbfed40, 0x000001eb9cbfef70]
Event: 1.016 Thread 0x000001ebac4f21a0 2839       3       sun.reflect.annotation.AnnotationInvocationHandler::cloneArray (143 bytes)
Event: 1.017 Thread 0x000001ebac4f21a0 nmethod 2839 0x000001eb9555c690 code [0x000001eb9555c9a0, 0x000001eb9555ddd8]
Event: 1.017 Thread 0x000001ebac4ec1f0 2840   !   4       java.lang.invoke.MemberName::getMethodType (211 bytes)
Event: 1.019 Thread 0x000001ebf2d72490 2841       4       java.lang.String::equals (56 bytes)
Event: 1.019 Thread 0x000001ebac4f21a0 2842       1       org.springframework.beans.factory.support.AbstractBeanDefinition::isAbstract (5 bytes)
Event: 1.019 Thread 0x000001ebac4f21a0 nmethod 2842 0x000001eb9cbff110 code [0x000001eb9cbff2a0, 0x000001eb9cbff370]
Event: 1.019 Thread 0x000001ebac4f21a0 2843       1       org.springframework.beans.factory.support.AbstractBeanDefinition::getFactoryBeanName (5 bytes)
Event: 1.019 Thread 0x000001ebac4f21a0 nmethod 2843 0x000001eb9cbff410 code [0x000001eb9cbff5a0, 0x000001eb9cbff670]
Event: 1.019 Thread 0x000001ebf2d72490 nmethod 2841 0x000001eb9cbff710 code [0x000001eb9cbff8a0, 0x000001eb9cbffa90]
Event: 1.019 Thread 0x000001ebac4ec1f0 nmethod 2840 0x000001eb9cbffb10 code [0x000001eb9cbffd00, 0x000001eb9cc002c8]

GC Heap History (4 events):
Event: 0.397 GC heap before
{Heap before GC invocations=0 (full 0):
 garbage-first heap   total 262144K, used 20480K [0x0000000701400000, 0x0000000800000000)
  region size 2048K, 11 young (22528K), 0 survivors (0K)
 Metaspace       used 5837K, committed 6016K, reserved 1114112K
  class space    used 670K, committed 768K, reserved 1048576K
}
Event: 0.400 GC heap after
{Heap after GC invocations=1 (full 0):
 garbage-first heap   total 262144K, used 7474K [0x0000000701400000, 0x0000000800000000)
  region size 2048K, 2 young (4096K), 2 survivors (4096K)
 Metaspace       used 5837K, committed 6016K, reserved 1114112K
  class space    used 670K, committed 768K, reserved 1048576K
}
Event: 0.629 GC heap before
{Heap before GC invocations=1 (full 0):
 garbage-first heap   total 262144K, used 32050K [0x0000000701400000, 0x0000000800000000)
  region size 2048K, 14 young (28672K), 2 survivors (4096K)
 Metaspace       used 12393K, committed 12736K, reserved 1114112K
  class space    used 1485K, committed 1664K, reserved 1048576K
}
Event: 0.632 GC heap after
{Heap after GC invocations=2 (full 0):
 garbage-first heap   total 262144K, used 9720K [0x0000000701400000, 0x0000000800000000)
  region size 2048K, 2 young (4096K), 2 survivors (4096K)
 Metaspace       used 12393K, committed 12736K, reserved 1114112K
  class space    used 1485K, committed 1664K, reserved 1048576K
}

Dll operation events (11 events):
Event: 0.005 Loaded shared library C:\Users\olive\.jdks\openjdk-21.0.1\bin\java.dll
Event: 0.028 Loaded shared library C:\Users\olive\.jdks\openjdk-21.0.1\bin\jsvml.dll
Event: 0.091 Loaded shared library C:\Users\olive\.jdks\openjdk-21.0.1\bin\zip.dll
Event: 0.093 Loaded shared library C:\Users\olive\.jdks\openjdk-21.0.1\bin\instrument.dll
Event: 0.098 Loaded shared library C:\Users\olive\.jdks\openjdk-21.0.1\bin\net.dll
Event: 0.099 Loaded shared library C:\Users\olive\.jdks\openjdk-21.0.1\bin\nio.dll
Event: 0.101 Loaded shared library C:\Users\olive\.jdks\openjdk-21.0.1\bin\zip.dll
Event: 0.162 Loaded shared library E:\Program Files (x86)\IntelliJ IDEA Community Edition 2024.2.3\bin\breakgen64.dll
Event: 0.171 Loaded shared library C:\Users\olive\.jdks\openjdk-21.0.1\bin\extnet.dll
Event: 0.185 Loaded shared library C:\Users\olive\.jdks\openjdk-21.0.1\bin\jimage.dll
Event: 0.783 Loaded shared library C:\Users\olive\.jdks\openjdk-21.0.1\bin\sunmscapi.dll

Deoptimization events (20 events):
Event: 1.017 Thread 0x000001eb8b3c47e0 Uncommon trap: trap_request=0xffffffde fr.pc=0x000001eb9cacdb6c relative=0x00000000000001cc
Event: 1.017 Thread 0x000001eb8b3c47e0 Uncommon trap: reason=class_check action=maybe_recompile pc=0x000001eb9cacdb6c method=java.lang.String.equals(Ljava/lang/Object;)Z @ 8 c2
Event: 1.017 Thread 0x000001eb8b3c47e0 DEOPT PACKING pc=0x000001eb9cacdb6c sp=0x00000009de4fe5c0
Event: 1.017 Thread 0x000001eb8b3c47e0 DEOPT UNPACKING pc=0x000001eb9c5746a2 sp=0x00000009de4fe548 mode 2
Event: 1.017 Thread 0x000001eb8b3c47e0 Uncommon trap: trap_request=0xffffffde fr.pc=0x000001eb9cacdb6c relative=0x00000000000001cc
Event: 1.017 Thread 0x000001eb8b3c47e0 Uncommon trap: reason=class_check action=maybe_recompile pc=0x000001eb9cacdb6c method=java.lang.String.equals(Ljava/lang/Object;)Z @ 8 c2
Event: 1.017 Thread 0x000001eb8b3c47e0 DEOPT PACKING pc=0x000001eb9cacdb6c sp=0x00000009de4fe5c0
Event: 1.017 Thread 0x000001eb8b3c47e0 DEOPT UNPACKING pc=0x000001eb9c5746a2 sp=0x00000009de4fe548 mode 2
Event: 1.017 Thread 0x000001eb8b3c47e0 Uncommon trap: trap_request=0xffffffde fr.pc=0x000001eb9cacdb6c relative=0x00000000000001cc
Event: 1.017 Thread 0x000001eb8b3c47e0 Uncommon trap: reason=class_check action=maybe_recompile pc=0x000001eb9cacdb6c method=java.lang.String.equals(Ljava/lang/Object;)Z @ 8 c2
Event: 1.017 Thread 0x000001eb8b3c47e0 DEOPT PACKING pc=0x000001eb9cacdb6c sp=0x00000009de4fe5c0
Event: 1.017 Thread 0x000001eb8b3c47e0 DEOPT UNPACKING pc=0x000001eb9c5746a2 sp=0x00000009de4fe548 mode 2
Event: 1.017 Thread 0x000001eb8b3c47e0 Uncommon trap: trap_request=0xffffffde fr.pc=0x000001eb9cbe57e8 relative=0x00000000000004e8
Event: 1.017 Thread 0x000001eb8b3c47e0 Uncommon trap: reason=class_check action=maybe_recompile pc=0x000001eb9cbe57e8 method=java.lang.String.equals(Ljava/lang/Object;)Z @ 8 c2
Event: 1.017 Thread 0x000001eb8b3c47e0 DEOPT PACKING pc=0x000001eb9cbe57e8 sp=0x00000009de4fe320
Event: 1.017 Thread 0x000001eb8b3c47e0 DEOPT UNPACKING pc=0x000001eb9c5746a2 sp=0x00000009de4fe1d8 mode 2
Event: 1.018 Thread 0x000001eb8b3c47e0 Uncommon trap: trap_request=0xffffffde fr.pc=0x000001eb9cacdb6c relative=0x00000000000001cc
Event: 1.018 Thread 0x000001eb8b3c47e0 Uncommon trap: reason=class_check action=maybe_recompile pc=0x000001eb9cacdb6c method=java.lang.String.equals(Ljava/lang/Object;)Z @ 8 c2
Event: 1.018 Thread 0x000001eb8b3c47e0 DEOPT PACKING pc=0x000001eb9cacdb6c sp=0x00000009de4fe260
Event: 1.018 Thread 0x000001eb8b3c47e0 DEOPT UNPACKING pc=0x000001eb9c5746a2 sp=0x00000009de4fe1e8 mode 2

Classes loaded (20 events):
Event: 0.785 Loading class javax/security/auth/Subject
Event: 0.785 Loading class javax/security/auth/Subject done
Event: 0.788 Loading class sun/security/provider/certpath/ldap/JdkLDAP
Event: 0.788 Loading class sun/security/provider/certpath/ldap/JdkLDAP done
Event: 0.789 Loading class sun/security/provider/certpath/ldap/JdkLDAP$ProviderService
Event: 0.789 Loading class sun/security/provider/certpath/ldap/JdkLDAP$ProviderService done
Event: 0.789 Loading class com/sun/security/sasl/Provider
Event: 0.789 Loading class com/sun/security/sasl/Provider done
Event: 0.789 Loading class com/sun/security/sasl/Provider$1
Event: 0.789 Loading class com/sun/security/sasl/Provider$1 done
Event: 0.789 Loading class com/sun/security/sasl/Provider$ProviderService
Event: 0.789 Loading class com/sun/security/sasl/Provider$ProviderService done
Event: 0.792 Loading class java/lang/Thread$ThreadNumbering
Event: 0.792 Loading class java/lang/Thread$ThreadNumbering done
Event: 0.799 Loading class javax/naming/ldap/LdapContext
Event: 0.799 Loading class javax/naming/directory/DirContext
Event: 0.799 Loading class javax/naming/directory/DirContext done
Event: 0.799 Loading class javax/naming/ldap/LdapContext done
Event: 0.928 Loading class java/beans/PropertyVetoException
Event: 0.928 Loading class java/beans/PropertyVetoException done

Classes unloaded (0 events):
No events

Classes redefined (0 events):
No events

Internal exceptions (20 events):
Event: 0.508 Thread 0x000001eb8b3c47e0 Exception <a 'java/lang/NoSuchMethodError'{0x0000000710dc7790}: 'java.lang.Object java.lang.invoke.DirectMethodHandle$Holder.invokeVirtual(java.lang.Object, java.lang.Object, java.lang.Object)'> (0x0000000710dc7790) 
thrown [s\open\src\hotspot\share\interpreter\linkResolver.cpp, line 773]
Event: 0.519 Thread 0x000001eb8b3c47e0 Exception <a 'java/lang/NoSuchMethodError'{0x0000000710a58f98}: 'void java.lang.invoke.DirectMethodHandle$Holder.invokeVirtual(java.lang.Object, java.lang.Object, java.lang.Object, java.lang.Object)'> (0x0000000710a58f98) 
thrown [s\open\src\hotspot\share\interpreter\linkResolver.cpp, line 773]
Event: 0.542 Thread 0x000001eb8b3c47e0 Exception <a 'java/lang/NoSuchMethodError'{0x0000000710be3ac0}: 'void java.lang.invoke.DirectMethodHandle$Holder.invokeSpecial(java.lang.Object, java.lang.Object, java.lang.Object)'> (0x0000000710be3ac0) 
thrown [s\open\src\hotspot\share\interpreter\linkResolver.cpp, line 773]
Event: 0.545 Thread 0x000001ebf28eed80 Exception <a 'java/lang/NoClassDefFoundError'{0x0000000710815928}: jakarta/validation/Validation> (0x0000000710815928) 
thrown [s\open\src\hotspot\share\classfile\systemDictionary.cpp, line 301]
Event: 0.546 Thread 0x000001eb8b3c47e0 Exception <a 'java/lang/NoSuchMethodError'{0x000000071083d010}: 'java.lang.reflect.Field[] java.lang.Class.getDeclaredFields(java.lang.Class)'> (0x000000071083d010) 
thrown [s\open\src\hotspot\share\interpreter\linkResolver.cpp, line 773]
Event: 0.547 Thread 0x000001eb8b3c47e0 Exception <a 'java/lang/NoSuchMethodError'{0x0000000710841910}: 'java.lang.Object java.lang.invoke.DirectMethodHandle$Holder.invokeStatic(java.lang.Object, java.lang.Object, int)'> (0x0000000710841910) 
thrown [s\open\src\hotspot\share\interpreter\linkResolver.cpp, line 773]
Event: 0.547 Thread 0x000001eb8b3c47e0 Exception <a 'java/lang/NoSuchMethodError'{0x000000071084c7e0}: 'void java.lang.invoke.DelegatingMethodHandle$Holder.delegate(java.lang.Object, java.lang.Object, int, java.lang.Object)'> (0x000000071084c7e0) 
thrown [s\open\src\hotspot\share\interpreter\linkResolver.cpp, line 773]
Event: 0.554 Thread 0x000001eb8b3c47e0 Exception <a 'java/lang/IncompatibleClassChangeError'{0x00000007109a6508}: Found class java.lang.Object, but interface was expected> (0x00000007109a6508) 
thrown [s\open\src\hotspot\share\interpreter\linkResolver.cpp, line 840]
Event: 0.556 Thread 0x000001eb8b3c47e0 Exception <a 'java/lang/NoSuchMethodError'{0x00000007109bb3f0}: 'java.lang.Object java.lang.invoke.DirectMethodHandle$Holder.invokeStaticInit(java.lang.Object, int)'> (0x00000007109bb3f0) 
thrown [s\open\src\hotspot\share\interpreter\linkResolver.cpp, line 773]
Event: 0.557 Thread 0x000001eb8b3c47e0 Exception <a 'java/lang/NoSuchMethodError'{0x00000007109c5470}: 'java.lang.Object java.lang.invoke.DirectMethodHandle$Holder.invokeStatic(java.lang.Object, int, java.lang.Object)'> (0x00000007109c5470) 
thrown [s\open\src\hotspot\share\interpreter\linkResolver.cpp, line 773]
Event: 0.557 Thread 0x000001eb8b3c47e0 Exception <a 'java/lang/NoSuchMethodError'{0x00000007109c8ac0}: 'java.lang.Object java.lang.invoke.DirectMethodHandle$Holder.invokeStaticInit(java.lang.Object, int, java.lang.Object)'> (0x00000007109c8ac0) 
thrown [s\open\src\hotspot\share\interpreter\linkResolver.cpp, line 773]
Event: 0.702 Thread 0x000001eb8b3c47e0 Exception <a 'java/lang/NoSuchMethodError'{0x00000007109bd800}: 'int java.lang.invoke.DirectMethodHandle$Holder.invokeSpecial(java.lang.Object, java.lang.Object, java.lang.Object, java.lang.Object, java.lang.Object)'> (0x00000007109bd800) 
thrown [s\open\src\hotspot\share\interpreter\linkResolver.cpp, line 773]
Event: 0.703 Thread 0x000001eb8b3c47e0 Exception <a 'java/lang/NoSuchMethodError'{0x00000007109c5aa0}: 'void java.lang.invoke.DirectMethodHandle$Holder.invokeVirtual(java.lang.Object, java.lang.Object)'> (0x00000007109c5aa0) 
thrown [s\open\src\hotspot\share\interpreter\linkResolver.cpp, line 773]
Event: 0.703 Thread 0x000001ebf28eed80 Exception <a 'java/lang/NoSuchMethodError'{0x0000000710645d60}: 'long java.lang.invoke.DirectMethodHandle$Holder.invokeSpecial(java.lang.Object, java.lang.Object)'> (0x0000000710645d60) 
thrown [s\open\src\hotspot\share\interpreter\linkResolver.cpp, line 773]
Event: 0.704 Thread 0x000001ebf28eed80 Exception <a 'java/lang/NoSuchMethodError'{0x000000071064f890}: 'long java.lang.invoke.DirectMethodHandle$Holder.invokeStatic(java.lang.Object, java.lang.Object)'> (0x000000071064f890) 
thrown [s\open\src\hotspot\share\interpreter\linkResolver.cpp, line 773]
Event: 0.704 Thread 0x000001ebf28eed80 Exception <a 'java/lang/NoSuchMethodError'{0x0000000710652948}: 'long java.lang.invoke.DirectMethodHandle$Holder.invokeStaticInit(java.lang.Object, java.lang.Object)'> (0x0000000710652948) 
thrown [s\open\src\hotspot\share\interpreter\linkResolver.cpp, line 773]
Event: 0.705 Thread 0x000001ebf28eed80 Exception <a 'java/lang/NoSuchMethodError'{0x000000071065e7e0}: 'long java.lang.invoke.DirectMethodHandle$Holder.invokeInterface(java.lang.Object, java.lang.Object)'> (0x000000071065e7e0) 
thrown [s\open\src\hotspot\share\interpreter\linkResolver.cpp, line 773]
Event: 0.706 Thread 0x000001ebf28eed80 Exception <a 'java/lang/IncompatibleClassChangeError'{0x00000007106617e0}: Found class java.lang.Object, but interface was expected> (0x00000007106617e0) 
thrown [s\open\src\hotspot\share\interpreter\linkResolver.cpp, line 840]
Event: 0.707 Thread 0x000001ebf28eed80 Exception <a 'java/lang/NoSuchMethodError'{0x0000000710679f90}: 'java.lang.Object java.lang.invoke.DirectMethodHandle$Holder.invokeVirtual(java.lang.Object, java.lang.Object, java.lang.Object, java.lang.Object)'> (0x0000000710679f90) 
thrown [s\open\src\hotspot\share\interpreter\linkResolver.cpp, line 773]
Event: 0.824 Thread 0x000001eb8b3c47e0 Exception <a 'java/lang/IncompatibleClassChangeError'{0x000000070fa06df0}: Found class java.lang.Object, but interface was expected> (0x000000070fa06df0) 
thrown [s\open\src\hotspot\share\interpreter\linkResolver.cpp, line 840]

ZGC Phase Switch (0 events):
No events

VM Operations (20 events):
Event: 0.546 Executing VM operation: HandshakeAllThreads (Deoptimize)
Event: 0.546 Executing VM operation: HandshakeAllThreads (Deoptimize) done
Event: 0.550 Executing VM operation: ICBufferFull
Event: 0.550 Executing VM operation: ICBufferFull done
Event: 0.616 Executing VM operation: HandshakeAllThreads (Deoptimize)
Event: 0.616 Executing VM operation: HandshakeAllThreads (Deoptimize) done
Event: 0.629 Executing VM operation: G1CollectForAllocation (G1 Evacuation Pause)
Event: 0.632 Executing VM operation: G1CollectForAllocation (G1 Evacuation Pause) done
Event: 0.691 Executing VM operation: HandshakeAllThreads (Deoptimize)
Event: 0.691 Executing VM operation: HandshakeAllThreads (Deoptimize) done
Event: 0.732 Executing VM operation: HandshakeAllThreads (Deoptimize)
Event: 0.732 Executing VM operation: HandshakeAllThreads (Deoptimize) done
Event: 0.769 Executing VM operation: HandshakeAllThreads (Deoptimize)
Event: 0.770 Executing VM operation: HandshakeAllThreads (Deoptimize) done
Event: 0.822 Executing VM operation: ICBufferFull
Event: 0.822 Executing VM operation: ICBufferFull done
Event: 0.828 Executing VM operation: HandshakeAllThreads (Deoptimize)
Event: 0.828 Executing VM operation: HandshakeAllThreads (Deoptimize) done
Event: 1.001 Executing VM operation: ICBufferFull
Event: 1.001 Executing VM operation: ICBufferFull done

Events (18 events):
Event: 0.017 Thread 0x000001eb8b3c47e0 Thread added: 0x000001eb8b3c47e0
Event: 0.027 Thread 0x000001ebac4da4b0 Thread added: 0x000001ebac4da4b0
Event: 0.027 Thread 0x000001ebac4dc3e0 Thread added: 0x000001ebac4dc3e0
Event: 0.027 Thread 0x000001ebac4de510 Thread added: 0x000001ebac4de510
Event: 0.027 Thread 0x000001ebac4e0f80 Thread added: 0x000001ebac4e0f80
Event: 0.027 Thread 0x000001ebac4e29f0 Thread added: 0x000001ebac4e29f0
Event: 0.027 Thread 0x000001ebac4e3450 Thread added: 0x000001ebac4e3450
Event: 0.027 Thread 0x000001ebac4ec1f0 Thread added: 0x000001ebac4ec1f0
Event: 0.028 Thread 0x000001ebac4f21a0 Thread added: 0x000001ebac4f21a0
Event: 0.079 Thread 0x000001ebac4a66f0 Thread added: 0x000001ebac4a66f0
Event: 0.163 Thread 0x000001ebac868fb0 Thread added: 0x000001ebac868fb0
Event: 0.163 Thread 0x000001ebf20c2fc0 Thread added: 0x000001ebf20c2fc0
Event: 0.207 Thread 0x000001ebf2291890 Thread added: 0x000001ebf2291890
Event: 0.544 Thread 0x000001ebf28eed80 Thread added: 0x000001ebf28eed80
Event: 0.568 Thread 0x000001ebf2d72490 Thread added: 0x000001ebf2d72490
Event: 0.791 Thread 0x000001ebf28eed80 Thread exited: 0x000001ebf28eed80
Event: 0.792 Thread 0x000001ebf28ed9d0 Thread added: 0x000001ebf28ed9d0
Event: 0.807 Thread 0x000001ebf28ed9d0 Thread exited: 0x000001ebf28ed9d0


Dynamic libraries:
0x00007ff7b6bf0000 - 0x00007ff7b6bfe000 	C:\Users\olive\.jdks\openjdk-21.0.1\bin\java.exe
0x00007ffa12130000 - 0x00007ffa12328000 	C:\Windows\SYSTEM32\ntdll.dll
0x00007ffa10ab0000 - 0x00007ffa10b72000 	C:\Windows\System32\KERNEL32.DLL
0x00007ffa0fbf0000 - 0x00007ffa0feee000 	C:\Windows\System32\KERNELBASE.dll
0x00007ffa10050000 - 0x00007ffa10150000 	C:\Windows\System32\ucrtbase.dll
0x00007ff9ff920000 - 0x00007ff9ff938000 	C:\Users\olive\.jdks\openjdk-21.0.1\bin\jli.dll
0x00007ff9ff940000 - 0x00007ff9ff95b000 	C:\Users\olive\.jdks\openjdk-21.0.1\bin\VCRUNTIME140.dll
0x00007ffa11760000 - 0x00007ffa118fd000 	C:\Windows\System32\USER32.dll
0x00007ffa0f860000 - 0x00007ffa0f882000 	C:\Windows\System32\win32u.dll
0x00007ff9fd570000 - 0x00007ff9fd80a000 	C:\Windows\WinSxS\amd64_microsoft.windows.common-controls_6595b64144ccf1df_6.0.19041.4355_none_60b8b9eb71f62e16\COMCTL32.dll
0x00007ffa10fa0000 - 0x00007ffa10fcb000 	C:\Windows\System32\GDI32.dll
0x00007ffa11ee0000 - 0x00007ffa11f7e000 	C:\Windows\System32\msvcrt.dll
0x00007ffa0fad0000 - 0x00007ffa0fbe7000 	C:\Windows\System32\gdi32full.dll
0x00007ffa0ff60000 - 0x00007ffa0fffd000 	C:\Windows\System32\msvcp_win.dll
0x00007ffa10a10000 - 0x00007ffa10a3f000 	C:\Windows\System32\IMM32.DLL
0x00007ff9ffa00000 - 0x00007ff9ffa0c000 	C:\Users\olive\.jdks\openjdk-21.0.1\bin\vcruntime140_1.dll
0x00007ff9edf60000 - 0x00007ff9edfee000 	C:\Users\olive\.jdks\openjdk-21.0.1\bin\msvcp140.dll
0x00007ff9b4600000 - 0x00007ff9b5315000 	C:\Users\olive\.jdks\openjdk-21.0.1\bin\server\jvm.dll
0x00007ffa10950000 - 0x00007ffa10a01000 	C:\Windows\System32\ADVAPI32.dll
0x00007ffa12050000 - 0x00007ffa120ef000 	C:\Windows\System32\sechost.dll
0x00007ffa10b80000 - 0x00007ffa10ca3000 	C:\Windows\System32\RPCRT4.dll
0x00007ffa0f890000 - 0x00007ffa0f8b7000 	C:\Windows\System32\bcrypt.dll
0x00007ffa10a40000 - 0x00007ffa10aab000 	C:\Windows\System32\WS2_32.dll
0x00007ffa0ed60000 - 0x00007ffa0edab000 	C:\Windows\SYSTEM32\POWRPROF.dll
0x00007ffa06580000 - 0x00007ffa065a7000 	C:\Windows\SYSTEM32\WINMM.dll
0x00007ffa083c0000 - 0x00007ffa083ca000 	C:\Windows\SYSTEM32\VERSION.dll
0x00007ffa0ebd0000 - 0x00007ffa0ebe2000 	C:\Windows\SYSTEM32\UMPDC.dll
0x00007ffa0e010000 - 0x00007ffa0e022000 	C:\Windows\SYSTEM32\kernel.appcore.dll
0x00007ff9f99f0000 - 0x00007ff9f99fa000 	C:\Users\olive\.jdks\openjdk-21.0.1\bin\jimage.dll
0x00007ffa0d4d0000 - 0x00007ffa0d6b4000 	C:\Windows\SYSTEM32\DBGHELP.DLL
0x00007ffa05150000 - 0x00007ffa05184000 	C:\Windows\SYSTEM32\dbgcore.DLL
0x00007ffa0f7d0000 - 0x00007ffa0f852000 	C:\Windows\System32\bcryptPrimitives.dll
0x00007ff9f99e0000 - 0x00007ff9f99ef000 	C:\Users\olive\.jdks\openjdk-21.0.1\bin\instrument.dll
0x00007ff9f9550000 - 0x00007ff9f956f000 	C:\Users\olive\.jdks\openjdk-21.0.1\bin\java.dll
0x00007ffa10fe0000 - 0x00007ffa1174d000 	C:\Windows\System32\SHELL32.dll
0x00007ffa0d850000 - 0x00007ffa0dff4000 	C:\Windows\SYSTEM32\windows.storage.dll
0x00007ffa11b80000 - 0x00007ffa11ed3000 	C:\Windows\System32\combase.dll
0x00007ffa0f200000 - 0x00007ffa0f22e000 	C:\Windows\SYSTEM32\Wldp.dll
0x00007ffa11900000 - 0x00007ffa119cd000 	C:\Windows\System32\OLEAUT32.dll
0x00007ffa11a30000 - 0x00007ffa11add000 	C:\Windows\System32\SHCORE.dll
0x00007ffa106f0000 - 0x00007ffa10745000 	C:\Windows\System32\shlwapi.dll
0x00007ffa0f700000 - 0x00007ffa0f724000 	C:\Windows\SYSTEM32\profapi.dll
0x00007ff9e4790000 - 0x00007ff9e4867000 	C:\Users\olive\.jdks\openjdk-21.0.1\bin\jsvml.dll
0x00007ff9f5d50000 - 0x00007ff9f5d68000 	C:\Users\olive\.jdks\openjdk-21.0.1\bin\zip.dll
0x00007ff9f99d0000 - 0x00007ff9f99e0000 	C:\Users\olive\.jdks\openjdk-21.0.1\bin\net.dll
0x00007ffa08a40000 - 0x00007ffa08b4d000 	C:\Windows\SYSTEM32\WINHTTP.dll
0x00007ffa0ef60000 - 0x00007ffa0efca000 	C:\Windows\system32\mswsock.dll
0x00007ff9f5d70000 - 0x00007ff9f5d86000 	C:\Users\olive\.jdks\openjdk-21.0.1\bin\nio.dll
0x00007ff9f5d30000 - 0x00007ff9f5d4a000 	E:\Program Files (x86)\IntelliJ IDEA Community Edition 2024.2.3\bin\breakgen64.dll
0x00007ff9f9740000 - 0x00007ff9f9747000 	C:\Users\olive\.jdks\openjdk-21.0.1\bin\extnet.dll
0x00007ff9f5d20000 - 0x00007ff9f5d2e000 	C:\Users\olive\.jdks\openjdk-21.0.1\bin\sunmscapi.dll
0x00007ffa0f970000 - 0x00007ffa0facc000 	C:\Windows\System32\CRYPT32.dll
0x00007ffa0f270000 - 0x00007ffa0f297000 	C:\Windows\SYSTEM32\ncrypt.dll
0x00007ffa0f230000 - 0x00007ffa0f26b000 	C:\Windows\SYSTEM32\NTASN1.dll

dbghelp: loaded successfully - version: 4.0.5 - missing functions: none
symbol engine: initialized successfully - sym options: 0x614 - pdb path: .;C:\Users\olive\.jdks\openjdk-21.0.1\bin;C:\Windows\SYSTEM32;C:\Windows\WinSxS\amd64_microsoft.windows.common-controls_6595b64144ccf1df_6.0.19041.4355_none_60b8b9eb71f62e16;C:\Users\olive\.jdks\openjdk-21.0.1\bin\server;E:\Program Files (x86)\IntelliJ IDEA Community Edition 2024.2.3\bin

VM Arguments:
jvm_args: -javaagent:E:\Program Files (x86)\IntelliJ IDEA Community Edition 2024.2.3\lib\idea_rt.jar=59635:E:\Program Files (x86)\IntelliJ IDEA Community Edition 2024.2.3\bin -Dfile.encoding=UTF-8 -Dsun.stdout.encoding=UTF-8 -Dsun.stderr.encoding=UTF-8 
java_command: com.example.coolfashion.CoolfashionApplication
java_class_path (initial): D:\Skola\AgilWebsite\CoolFashionAPI\target\classes;C:\Users\olive\.m2\repository\org\springframework\boot\spring-boot-starter-data-jpa\3.4.0\spring-boot-starter-data-jpa-3.4.0.jar;C:\Users\olive\.m2\repository\org\springframework\boot\spring-boot-starter\3.4.0\spring-boot-starter-3.4.0.jar;C:\Users\olive\.m2\repository\org\springframework\boot\spring-boot\3.4.0\spring-boot-3.4.0.jar;C:\Users\olive\.m2\repository\org\springframework\boot\spring-boot-autoconfigure\3.4.0\spring-boot-autoconfigure-3.4.0.jar;C:\Users\olive\.m2\repository\org\springframework\boot\spring-boot-starter-logging\3.4.0\spring-boot-starter-logging-3.4.0.jar;C:\Users\olive\.m2\repository\ch\qos\logback\logback-classic\1.5.12\logback-classic-1.5.12.jar;C:\Users\olive\.m2\repository\ch\qos\logback\logback-core\1.5.12\logback-core-1.5.12.jar;C:\Users\olive\.m2\repository\org\apache\logging\log4j\log4j-to-slf4j\2.24.1\log4j-to-slf4j-2.24.1.jar;C:\Users\olive\.m2\repository\org\apache\logging\log4j\log4j-api\2.24.1\log4j-api-2.24.1.jar;C:\Users\olive\.m2\repository\org\slf4j\jul-to-slf4j\2.0.16\jul-to-slf4j-2.0.16.jar;C:\Users\olive\.m2\repository\jakarta\annotation\jakarta.annotation-api\2.1.1\jakarta.annotation-api-2.1.1.jar;C:\Users\olive\.m2\repository\org\yaml\snakeyaml\2.3\snakeyaml-2.3.jar;C:\Users\olive\.m2\repository\org\springframework\boot\spring-boot-starter-jdbc\3.4.0\spring-boot-starter-jdbc-3.4.0.jar;C:\Users\olive\.m2\repository\com\zaxxer\HikariCP\5.1.0\HikariCP-5.1.0.jar;C:\Users\olive\.m2\repository\org\springframework\spring-jdbc\6.2.0\spring-jdbc-6.2.0.jar;C:\Users\olive\.m2\repository\org\hibernate\orm\hibernate-core\6.6.2.Final\hibernate-core-6.6.2.Final.jar;C:\Users\olive\.m2\repository\jakarta\persistence\jakarta.persistence-api\3.1.0\jakarta.persistence-api-3.1.0.jar;C:\Users\olive\.m2\repository\jakarta\transaction\jakarta.transaction-api\2.0.1\jakarta.transaction-api-2.0.1.jar;C:\Users\olive\.m2\repository\org\jboss\logging\jboss-logging\3.6.1.Final\jboss-logging-3.6.1.Final.jar;C:\Users\olive\.m2\repository\org\hibernate\common\hibernate-commons-annotations\7.0.3.Final\hibernate-commons-annotations-7.0.3.Final.jar;C:\Users\olive\.m2\repository\io\smallrye\jandex\3.2.0\jandex-3.2.0.jar;C:\Users\olive\.m2\repository\com\fasterxml\classmate\1.7.0\classmate-1.7.0.jar;C:\Users\olive\.m2\repository\net\bytebuddy\byte-buddy\1.15.10\byte-buddy-1.15.10.jar;C:\Users\olive\.m2\repository\org\glassfish\jaxb\jaxb-runtime\4.0.5\jaxb-runtime-4.0.5.jar;C:\Users\olive\.m2\repository\org\glassfish\jaxb\jaxb-core\4.0.5\jaxb-core-4.0.5.jar;C:\Users\olive\.m2\repository\org\eclipse\angus\angus-activation\2.0.2\angus-activation-2.0.2.jar;C:\Users\olive\.m2\repository\org\glassfish\jaxb\txw2\4.0.5\txw2-4.0.5.jar;C:\Users\olive\.m2\repository\com\sun\istack\istack-commons-runtime\4.1.2\istack-commons-runtime-4.1.2.jar;C:\Users\olive\.m2\repository\jakarta\inject\jakarta.inject-api\2.0.1\jakarta.inject-api-2.0.1.jar;C:\Users\olive\.m2\repository\org\antlr\antlr4-runtime\4.13.0\antlr4-runtime-4.13.0.jar;C:\Users\olive\.m2\repository\org\springframework\data\spring-data-jpa\3.4.0\spring-data-jpa-3.4.0.jar;C:\Users\olive\.m2\repository\org\springframework\data\spring-data-commons\3.4.0\spring-data-commons-3.4.0.jar;C:\Users\olive\.m2\repository\org\springframework\spring-orm\6.2.0\spring-orm-6.2.0.jar;C:\Users\olive\.m2\repository\org\springframework\spring-context\6.2.0\spring-context-6.2.0.jar;C:\Users\olive\.m2\repository\org\springframework\spring-aop\6.2.0\spring-aop-6.2.0.jar;C:\Users\olive\.m2\repository\org\springframework\spring-tx\6.2.0\spring-tx-6.2.0.jar;C:\Users\olive\.m2\repository\org\springframework\spring-beans\6.2.0\spring-beans-6.2.0.jar;C:\Users\olive\.m2\repository\org\slf4j\slf4j-api\2.0.16\slf4j-api-2.0.16.jar;C:\Users\olive\.m2\repository\org\springframework\spring-aspects\6.2.0\spring-aspects-6.2.0.jar;C:\Users\olive\.m2\repository\org\aspectj\aspectjweaver\1.9.22.1\aspectjweaver-1.9.22.1.jar;C:\Users\olive\.m2\repository\org\springframework\boot\spring-boot-starter-web\3.4.0\spring-boot-starter-web-3.4.0.jar;C:\Users\olive\.m2\repository\org\springframework\boot\spring-boot-starter-json\3.4.0\spring-boot-starter-json-3.4.0.jar;C:\Users\olive\.m2\repository\com\fasterxml\jackson\core\jackson-databind\2.18.1\jackson-databind-2.18.1.jar;C:\Users\olive\.m2\repository\com\fasterxml\jackson\core\jackson-annotations\2.18.1\jackson-annotations-2.18.1.jar;C:\Users\olive\.m2\repository\com\fasterxml\jackson\core\jackson-core\2.18.1\jackson-core-2.18.1.jar;C:\Users\olive\.m2\repository\com\fasterxml\jackson\datatype\jackson-datatype-jdk8\2.18.1\jackson-datatype-jdk8-2.18.1.jar;C:\Users\olive\.m2\repository\com\fasterxml\jackson\datatype\jackson-datatype-jsr310\2.18.1\jackson-datatype-jsr310-2.18.1.jar;C:\Users\olive\.m2\repository\com\fasterxml\jackson\module\jackson-module-parameter-names\2.18.1\jackson-module-parameter-names-2.18.1.jar;C:\Users\olive\.m2\repository\org\springframework\boot\spring-boot-starter-tomcat\3.4.0\spring-boot-starter-tomcat-3.4.0.jar;C:\Users\olive\.m2\repository\org\apache\tomcat\embed\tomcat-embed-core\10.1.33\tomcat-embed-core-10.1.33.jar;C:\Users\olive\.m2\repository\org\apache\tomcat\embed\tomcat-embed-el\10.1.33\tomcat-embed-el-10.1.33.jar;C:\Users\olive\.m2\repository\org\apache\tomcat\embed\tomcat-embed-websocket\10.1.33\tomcat-embed-websocket-10.1.33.jar;C:\Users\olive\.m2\repository\org\springframework\spring-web\6.2.0\spring-web-6.2.0.jar;C:\Users\olive\.m2\repository\io\micrometer\micrometer-observation\1.14.1\micrometer-observation-1.14.1.jar;C:\Users\olive\.m2\repository\io\micrometer\micrometer-commons\1.14.1\micrometer-commons-1.14.1.jar;C:\Users\olive\.m2\repository\org\springframework\spring-webmvc\6.2.0\spring-webmvc-6.2.0.jar;C:\Users\olive\.m2\repository\org\springframework\spring-expression\6.2.0\spring-expression-6.2.0.jar;C:\Users\olive\.m2\repository\org\mariadb\jdbc\mariadb-java-client\3.4.1\mariadb-java-client-3.4.1.jar;C:\Users\olive\.m2\repository\com\github\waffle\waffle-jna\3.3.0\waffle-jna-3.3.0.jar;C:\Users\olive\.m2\repository\net\java\dev\jna\jna\5.13.0\jna-5.13.0.jar;C:\Users\olive\.m2\repository\net\java\dev\jna\jna-platform\5.13.0\jna-platform-5.13.0.jar;C:\Users\olive\.m2\repository\org\slf4j\jcl-over-slf4j\2.0.16\jcl-over-slf4j-2.0.16.jar;C:\Users\olive\.m2\repository\com\github\ben-manes\caffeine\caffeine\3.1.8\caffeine-3.1.8.jar;C:\Users\olive\.m2\repository\com\google\errorprone\error_prone_annotations\2.21.1\error_prone_annotations-2.21.1.jar;C:\Users\olive\.m2\repository\org\checkerframework\checker-qual\3.32.0\checker-qual-3.32.0.jar;C:\Users\olive\.m2\repository\org\springframework\boot\spring-boot-starter-thymeleaf\3.4.0\spring-boot-starter-thymeleaf-3.4.0.jar;C:\Users\olive\.m2\repository\org\thymeleaf\thymeleaf-spring6\3.1.2.RELEASE\thymeleaf-spring6-3.1.2.RELEASE.jar;C:\Users\olive\.m2\repository\org\thymeleaf\thymeleaf\3.1.2.RELEASE\thymeleaf-3.1.2.RELEASE.jar;C:\Users\olive\.m2\repository\org\attoparser\attoparser\2.0.7.RELEASE\attoparser-2.0.7.RELEASE.jar;C:\Users\olive\.m2\repository\org\unbescape\unbescape\1.1.6.RELEASE\unbescape-1.1.6.RELEASE.jar;C:\Users\olive\.m2\repository\org\projectlombok\lombok\1.18.36\lombok-1.18.36.jar;C:\Users\olive\.m2\repository\jakarta\xml\bind\jakarta.xml.bind-api\4.0.2\jakarta.xml.bind-api-4.0.2.jar;C:\Users\olive\.m2\repository\jakarta\activation\jakarta.activation-api\2.1.3\jakarta.activation-api-2.1.3.jar;C:\Users\olive\.m2\repository\org\springframework\spring-core\6.2.0\spring-core-6.2.0.jar;C:\Users\olive\.m2\repository\org\springframework\spring-jcl\6.2.0\spring-jcl-6.2.0.jar
Launcher Type: SUN_STANDARD

[Global flags]
     intx CICompilerCount                          = 4                                         {product} {ergonomic}
     uint ConcGCThreads                            = 2                                         {product} {ergonomic}
     uint G1ConcRefinementThreads                  = 8                                         {product} {ergonomic}
   size_t G1HeapRegionSize                         = 2097152                                   {product} {ergonomic}
    uintx GCDrainStackTargetSize                   = 64                                        {product} {ergonomic}
   size_t InitialHeapSize                          = 268435456                                 {product} {ergonomic}
   size_t MarkStackSize                            = 4194304                                   {product} {ergonomic}
   size_t MaxHeapSize                              = 4273995776                                {product} {ergonomic}
   size_t MaxNewSize                               = 2562719744                                {product} {ergonomic}
   size_t MinHeapDeltaBytes                        = 2097152                                   {product} {ergonomic}
   size_t MinHeapSize                              = 8388608                                   {product} {ergonomic}
    uintx NonNMethodCodeHeapSize                   = 5839372                                {pd product} {ergonomic}
    uintx NonProfiledCodeHeapSize                  = 122909434                              {pd product} {ergonomic}
    uintx ProfiledCodeHeapSize                     = 122909434                              {pd product} {ergonomic}
    uintx ReservedCodeCacheSize                    = 251658240                              {pd product} {ergonomic}
     bool SegmentedCodeCache                       = true                                      {product} {ergonomic}
   size_t SoftMaxHeapSize                          = 4273995776                             {manageable} {ergonomic}
     bool UseCompressedOops                        = true                           {product lp64_product} {ergonomic}
     bool UseG1GC                                  = true                                      {product} {ergonomic}
     bool UseLargePagesIndividualAllocation        = false                                  {pd product} {ergonomic}

Logging:
Log output configuration:
 #0: stdout all=warning uptime,level,tags foldmultilines=false
 #1: stderr all=off uptime,level,tags foldmultilines=false

Environment Variables:
PATH=C:\Windows\system32;C:\Windows;C:\Windows\System32\Wbem;C:\Windows\System32\WindowsPowerShell\v1.0\;C:\Windows\System32\OpenSSH\;C:\Program Files\Git\cmd;C:\Program Files\Mullvad VPN\resources;C:\Program Files\nodejs\;C:\Program Files\dotnet\;D:\dev\flutter_windows_3.24.3-stable\flutter\bin;C:\Users\olive\AppData\Local\Programs\Python\Python311\;C:\Users\olive\AppData\Local\Microsoft\WindowsApps;E:\Program Files (x86)\PyCharm Community Edition 2023.2.1\bin;;C:\Users\olive\AppData\Local\Programs\Microsoft VS Code\bin;C:\Users\olive\AppData\Local\GitHubDesktop\bin;C:\Users\olive\AppData\Roaming\npm;;E:\Program Files (x86)\IntelliJ IDEA Community Edition 2024.2.3\bin;
USERNAME=olive
OS=Windows_NT
PROCESSOR_IDENTIFIER=Intel64 Family 6 Model 158 Stepping 13, GenuineIntel
TMP=C:\Users\olive\AppData\Local\Temp
TEMP=C:\Users\olive\AppData\Local\Temp




Periodic native trim disabled

---------------  S Y S T E M  ---------------

OS:
 Windows 10 , 64 bit Build 19041 (10.0.19041.5072)
OS uptime: 0 days 5:41 hours

CPU: total 8 (initial active 8) (8 cores per cpu, 1 threads per core) family 6 model 158 stepping 13 microcode 0xd6, cx8, cmov, fxsr, mmx, 3dnowpref, sse, sse2, sse3, ssse3, sse4.1, sse4.2, popcnt, lzcnt, tsc, tscinvbit, avx, avx2, aes, erms, clmul, bmi1, bmi2, adx, fma, vzeroupper, clflush, clflushopt, rdtscp, f16c
Processor Information for all 8 processors :
  Max Mhz: 3601, Current Mhz: 3601, Mhz Limit: 3601

Memory: 4k page, system-wide physical 16296M (6202M free)
TotalPageFile size 19229M (AvailPageFile size 344M)
current process WorkingSet (physical memory assigned to process): 139M, peak: 139M
current process commit charge ("private bytes"): 391M, peak: 392M

vm_info: OpenJDK 64-Bit Server VM (21.0.1+12-29) for windows-amd64 JRE (21.0.1+12-29), built on 2023-10-05T13:27:09Z by "mach5one" with MS VC++ 17.1 (VS2022)

END.
